[0.021s] Invoking command in '/home/sofia/sextoSem/robotica_inteligente/humanoides/disney/build/urdf_description': CMAKE_PREFIX_PATH=/opt/ros/humble /usr/bin/cmake --build /home/sofia/sextoSem/robotica_inteligente/humanoides/disney/build/urdf_description -- -j12 -l12
[0.146s] Invoked command in '/home/sofia/sextoSem/robotica_inteligente/humanoides/disney/build/urdf_description' returned '0': CMAKE_PREFIX_PATH=/opt/ros/humble /usr/bin/cmake --build /home/sofia/sextoSem/robotica_inteligente/humanoides/disney/build/urdf_description -- -j12 -l12
[0.158s] Invoking command in '/home/sofia/sextoSem/robotica_inteligente/humanoides/disney/build/urdf_description': CMAKE_PREFIX_PATH=/opt/ros/humble /usr/bin/cmake --install /home/sofia/sextoSem/robotica_inteligente/humanoides/disney/build/urdf_description
[0.173s] -- Install configuration: ""
[0.174s] -- Execute custom install script
[0.175s] -- Up-to-date symlink: /home/sofia/sextoSem/robotica_inteligente/humanoides/disney/install/urdf_description/share/ament_index/resource_index/package_run_dependencies/urdf_description
[0.175s] -- Up-to-date symlink: /home/sofia/sextoSem/robotica_inteligente/humanoides/disney/install/urdf_description/share/ament_index/resource_index/parent_prefix_path/urdf_description
[0.176s] -- Up-to-date symlink: /home/sofia/sextoSem/robotica_inteligente/humanoides/disney/install/urdf_description/share/urdf_description/environment/ament_prefix_path.sh
[0.176s] -- Up-to-date symlink: /home/sofia/sextoSem/robotica_inteligente/humanoides/disney/install/urdf_description/share/urdf_description/environment/ament_prefix_path.dsv
[0.176s] -- Up-to-date symlink: /home/sofia/sextoSem/robotica_inteligente/humanoides/disney/install/urdf_description/share/urdf_description/environment/path.sh
[0.177s] -- Up-to-date symlink: /home/sofia/sextoSem/robotica_inteligente/humanoides/disney/install/urdf_description/share/urdf_description/environment/path.dsv
[0.177s] -- Up-to-date symlink: /home/sofia/sextoSem/robotica_inteligente/humanoides/disney/install/urdf_description/share/urdf_description/local_setup.bash
[0.177s] -- Up-to-date symlink: /home/sofia/sextoSem/robotica_inteligente/humanoides/disney/install/urdf_description/share/urdf_description/local_setup.sh
[0.177s] -- Up-to-date symlink: /home/sofia/sextoSem/robotica_inteligente/humanoides/disney/install/urdf_description/share/urdf_description/local_setup.zsh
[0.178s] -- Up-to-date symlink: /home/sofia/sextoSem/robotica_inteligente/humanoides/disney/install/urdf_description/share/urdf_description/local_setup.dsv
[0.178s] -- Symlinking: /home/sofia/sextoSem/robotica_inteligente/humanoides/disney/install/urdf_description/share/urdf_description/package.dsv
[0.189s] -- Up-to-date symlink: /home/sofia/sextoSem/robotica_inteligente/humanoides/disney/install/urdf_description/share/ament_index/resource_index/packages/urdf_description
[0.189s] -- Up-to-date symlink: /home/sofia/sextoSem/robotica_inteligente/humanoides/disney/install/urdf_description/share/urdf_description/cmake/urdf_descriptionConfig.cmake
[0.190s] -- Up-to-date symlink: /home/sofia/sextoSem/robotica_inteligente/humanoides/disney/install/urdf_description/share/urdf_description/cmake/urdf_descriptionConfig-version.cmake
[0.190s] -- Up-to-date symlink: /home/sofia/sextoSem/robotica_inteligente/humanoides/disney/install/urdf_description/share/urdf_description/package.xml
[0.190s] -- Up-to-date symlink: /home/sofia/sextoSem/robotica_inteligente/humanoides/disney/install/urdf_description/share/urdf_description/launch/display.launch.py
[0.191s] -- Up-to-date symlink: /home/sofia/sextoSem/robotica_inteligente/humanoides/disney/install/urdf_description/share/urdf_description/launch/gazebo.launch.py
[0.191s] -- Up-to-date symlink: /home/sofia/sextoSem/robotica_inteligente/humanoides/disney/install/urdf_description/share/urdf_description/meshes/ear_left.stl
[0.191s] -- Up-to-date symlink: /home/sofia/sextoSem/robotica_inteligente/humanoides/disney/install/urdf_description/share/urdf_description/meshes/ear_right.stl
[0.193s] -- Up-to-date symlink: /home/sofia/sextoSem/robotica_inteligente/humanoides/disney/install/urdf_description/share/urdf_description/meshes/head_body_pitch.stl
[0.193s] -- Up-to-date symlink: /home/sofia/sextoSem/robotica_inteligente/humanoides/disney/install/urdf_description/share/urdf_description/meshes/head_body_roll.stl
[0.194s] -- Up-to-date symlink: /home/sofia/sextoSem/robotica_inteligente/humanoides/disney/install/urdf_description/share/urdf_description/meshes/head_body_yaw.stl
[0.194s] -- Up-to-date symlink: /home/sofia/sextoSem/robotica_inteligente/humanoides/disney/install/urdf_description/share/urdf_description/meshes/left_foot.stl
[0.194s] -- Up-to-date symlink: /home/sofia/sextoSem/robotica_inteligente/humanoides/disney/install/urdf_description/share/urdf_description/meshes/left_hip.stl
[0.194s] -- Up-to-date symlink: /home/sofia/sextoSem/robotica_inteligente/humanoides/disney/install/urdf_description/share/urdf_description/meshes/left_hip_rotation.stl
[0.195s] -- Up-to-date symlink: /home/sofia/sextoSem/robotica_inteligente/humanoides/disney/install/urdf_description/share/urdf_description/meshes/left_shin.stl
[0.195s] -- Up-to-date symlink: /home/sofia/sextoSem/robotica_inteligente/humanoides/disney/install/urdf_description/share/urdf_description/meshes/left_thigh.stl
[0.196s] -- Up-to-date symlink: /home/sofia/sextoSem/robotica_inteligente/humanoides/disney/install/urdf_description/share/urdf_description/meshes/neck.stl
[0.196s] -- Up-to-date symlink: /home/sofia/sextoSem/robotica_inteligente/humanoides/disney/install/urdf_description/share/urdf_description/meshes/pelvis.stl
[0.196s] -- Up-to-date symlink: /home/sofia/sextoSem/robotica_inteligente/humanoides/disney/install/urdf_description/share/urdf_description/meshes/right_foot.stl
[0.197s] -- Up-to-date symlink: /home/sofia/sextoSem/robotica_inteligente/humanoides/disney/install/urdf_description/share/urdf_description/meshes/right_hip.stl
[0.197s] -- Up-to-date symlink: /home/sofia/sextoSem/robotica_inteligente/humanoides/disney/install/urdf_description/share/urdf_description/meshes/right_hip_rotation.stl
[0.197s] -- Up-to-date symlink: /home/sofia/sextoSem/robotica_inteligente/humanoides/disney/install/urdf_description/share/urdf_description/meshes/right_shin.stl
[0.198s] -- Up-to-date symlink: /home/sofia/sextoSem/robotica_inteligente/humanoides/disney/install/urdf_description/share/urdf_description/meshes/right_thigh.stl
[0.198s] -- Up-to-date symlink: /home/sofia/sextoSem/robotica_inteligente/humanoides/disney/install/urdf_description/share/urdf_description/urdf/go_bdx.urdf.xacro
[0.198s] -- Up-to-date symlink: /home/sofia/sextoSem/robotica_inteligente/humanoides/disney/install/urdf_description/share/urdf_description/config/controllers.yaml
[0.201s] Invoked command in '/home/sofia/sextoSem/robotica_inteligente/humanoides/disney/build/urdf_description' returned '0': CMAKE_PREFIX_PATH=/opt/ros/humble /usr/bin/cmake --install /home/sofia/sextoSem/robotica_inteligente/humanoides/disney/build/urdf_description
