[0.200s] DEBUG:colcon:Command line arguments: ['/usr/bin/colcon', 'build']
[0.200s] DEBUG:colcon:Parsed command line arguments: Namespace(log_base=None, log_level=None, verb_name='build', build_base='build', install_base='install', merge_install=False, symlink_install=False, test_result_base=None, continue_on_error=False, executor='parallel', parallel_workers=12, event_handlers=None, ignore_user_meta=False, metas=['./colcon.meta'], base_paths=['.'], packages_ignore=None, packages_ignore_regex=None, paths=None, packages_up_to=None, packages_up_to_regex=None, packages_above=None, packages_above_and_dependencies=None, packages_above_depth=None, packages_select_by_dep=None, packages_skip_by_dep=None, packages_skip_up_to=None, packages_select_build_failed=False, packages_skip_build_finished=False, packages_select_test_failures=False, packages_skip_test_passed=False, packages_select=None, packages_skip=None, packages_select_regex=None, packages_skip_regex=None, packages_start=None, packages_end=None, allow_overriding=[], cmake_args=None, cmake_target=None, cmake_target_skip_unavailable=False, cmake_clean_cache=False, cmake_clean_first=False, cmake_force_configure=False, ament_cmake_args=None, catkin_cmake_args=None, catkin_skip_building_tests=False, verb_parser=<colcon_defaults.argument_parser.defaults.DefaultArgumentsDecorator object at 0x7f07ad8f64d0>, verb_extension=<colcon_core.verb.build.BuildVerb object at 0x7f07ad8f5690>, main=<bound method BuildVerb.main of <colcon_core.verb.build.BuildVerb object at 0x7f07ad8f5690>>)
[0.318s] Level 1:colcon.colcon_core.package_discovery:discover_packages(colcon_meta) check parameters
[0.318s] Level 1:colcon.colcon_core.package_discovery:discover_packages(recursive) check parameters
[0.318s] Level 1:colcon.colcon_core.package_discovery:discover_packages(ignore) check parameters
[0.318s] Level 1:colcon.colcon_core.package_discovery:discover_packages(path) check parameters
[0.318s] Level 1:colcon.colcon_core.package_discovery:discover_packages(colcon_meta) discover
[0.318s] Level 1:colcon.colcon_core.package_discovery:discover_packages(recursive) discover
[0.318s] INFO:colcon.colcon_core.package_discovery:Crawling recursively for packages in '/home/sofia/sextoSem/robotica_inteligente/humanoides/disney'
[0.318s] Level 1:colcon.colcon_core.package_identification:_identify(.) by extensions ['ignore', 'ignore_ament_install']
[0.318s] Level 1:colcon.colcon_core.package_identification:_identify(.) by extension 'ignore'
[0.318s] Level 1:colcon.colcon_core.package_identification:_identify(.) by extension 'ignore_ament_install'
[0.318s] Level 1:colcon.colcon_core.package_identification:_identify(.) by extensions ['colcon_pkg']
[0.318s] Level 1:colcon.colcon_core.package_identification:_identify(.) by extension 'colcon_pkg'
[0.318s] Level 1:colcon.colcon_core.package_identification:_identify(.) by extensions ['colcon_meta']
[0.318s] Level 1:colcon.colcon_core.package_identification:_identify(.) by extension 'colcon_meta'
[0.318s] Level 1:colcon.colcon_core.package_identification:_identify(.) by extensions ['ros']
[0.318s] Level 1:colcon.colcon_core.package_identification:_identify(.) by extension 'ros'
[0.332s] Level 1:colcon.colcon_core.package_identification:_identify(.) by extensions ['cmake', 'python']
[0.333s] Level 1:colcon.colcon_core.package_identification:_identify(.) by extension 'cmake'
[0.333s] Level 1:colcon.colcon_core.package_identification:_identify(.) by extension 'python'
[0.333s] Level 1:colcon.colcon_core.package_identification:_identify(.) by extensions ['python_setup_py']
[0.333s] Level 1:colcon.colcon_core.package_identification:_identify(.) by extension 'python_setup_py'
[0.333s] Level 1:colcon.colcon_core.package_identification:_identify(build) by extensions ['ignore', 'ignore_ament_install']
[0.333s] Level 1:colcon.colcon_core.package_identification:_identify(build) by extension 'ignore'
[0.333s] Level 1:colcon.colcon_core.package_identification:_identify(build) ignored
[0.333s] Level 1:colcon.colcon_core.package_identification:_identify(imagenes) by extensions ['ignore', 'ignore_ament_install']
[0.333s] Level 1:colcon.colcon_core.package_identification:_identify(imagenes) by extension 'ignore'
[0.333s] Level 1:colcon.colcon_core.package_identification:_identify(imagenes) by extension 'ignore_ament_install'
[0.333s] Level 1:colcon.colcon_core.package_identification:_identify(imagenes) by extensions ['colcon_pkg']
[0.333s] Level 1:colcon.colcon_core.package_identification:_identify(imagenes) by extension 'colcon_pkg'
[0.333s] Level 1:colcon.colcon_core.package_identification:_identify(imagenes) by extensions ['colcon_meta']
[0.333s] Level 1:colcon.colcon_core.package_identification:_identify(imagenes) by extension 'colcon_meta'
[0.333s] Level 1:colcon.colcon_core.package_identification:_identify(imagenes) by extensions ['ros']
[0.333s] Level 1:colcon.colcon_core.package_identification:_identify(imagenes) by extension 'ros'
[0.333s] Level 1:colcon.colcon_core.package_identification:_identify(imagenes) by extensions ['cmake', 'python']
[0.333s] Level 1:colcon.colcon_core.package_identification:_identify(imagenes) by extension 'cmake'
[0.333s] Level 1:colcon.colcon_core.package_identification:_identify(imagenes) by extension 'python'
[0.333s] Level 1:colcon.colcon_core.package_identification:_identify(imagenes) by extensions ['python_setup_py']
[0.333s] Level 1:colcon.colcon_core.package_identification:_identify(imagenes) by extension 'python_setup_py'
[0.333s] Level 1:colcon.colcon_core.package_identification:_identify(install) by extensions ['ignore', 'ignore_ament_install']
[0.333s] Level 1:colcon.colcon_core.package_identification:_identify(install) by extension 'ignore'
[0.333s] Level 1:colcon.colcon_core.package_identification:_identify(install) ignored
[0.334s] Level 1:colcon.colcon_core.package_identification:_identify(log) by extensions ['ignore', 'ignore_ament_install']
[0.334s] Level 1:colcon.colcon_core.package_identification:_identify(log) by extension 'ignore'
[0.334s] Level 1:colcon.colcon_core.package_identification:_identify(log) ignored
[0.334s] Level 1:colcon.colcon_core.package_identification:_identify(src) by extensions ['ignore', 'ignore_ament_install']
[0.334s] Level 1:colcon.colcon_core.package_identification:_identify(src) by extension 'ignore'
[0.334s] Level 1:colcon.colcon_core.package_identification:_identify(src) by extension 'ignore_ament_install'
[0.334s] Level 1:colcon.colcon_core.package_identification:_identify(src) by extensions ['colcon_pkg']
[0.334s] Level 1:colcon.colcon_core.package_identification:_identify(src) by extension 'colcon_pkg'
[0.334s] Level 1:colcon.colcon_core.package_identification:_identify(src) by extensions ['colcon_meta']
[0.334s] Level 1:colcon.colcon_core.package_identification:_identify(src) by extension 'colcon_meta'
[0.334s] Level 1:colcon.colcon_core.package_identification:_identify(src) by extensions ['ros']
[0.334s] Level 1:colcon.colcon_core.package_identification:_identify(src) by extension 'ros'
[0.334s] Level 1:colcon.colcon_core.package_identification:_identify(src) by extensions ['cmake', 'python']
[0.334s] Level 1:colcon.colcon_core.package_identification:_identify(src) by extension 'cmake'
[0.334s] Level 1:colcon.colcon_core.package_identification:_identify(src) by extension 'python'
[0.334s] Level 1:colcon.colcon_core.package_identification:_identify(src) by extensions ['python_setup_py']
[0.334s] Level 1:colcon.colcon_core.package_identification:_identify(src) by extension 'python_setup_py'
[0.334s] Level 1:colcon.colcon_core.package_identification:_identify(src/marker) by extensions ['ignore', 'ignore_ament_install']
[0.334s] Level 1:colcon.colcon_core.package_identification:_identify(src/marker) by extension 'ignore'
[0.334s] Level 1:colcon.colcon_core.package_identification:_identify(src/marker) by extension 'ignore_ament_install'
[0.334s] Level 1:colcon.colcon_core.package_identification:_identify(src/marker) by extensions ['colcon_pkg']
[0.334s] Level 1:colcon.colcon_core.package_identification:_identify(src/marker) by extension 'colcon_pkg'
[0.334s] Level 1:colcon.colcon_core.package_identification:_identify(src/marker) by extensions ['colcon_meta']
[0.334s] Level 1:colcon.colcon_core.package_identification:_identify(src/marker) by extension 'colcon_meta'
[0.334s] Level 1:colcon.colcon_core.package_identification:_identify(src/marker) by extensions ['ros']
[0.334s] Level 1:colcon.colcon_core.package_identification:_identify(src/marker) by extension 'ros'
[0.337s] DEBUG:colcon.colcon_core.package_identification:Package 'src/marker' with type 'ros.ament_python' and name 'marker'
[0.337s] Level 1:colcon.colcon_core.package_identification:_identify(src/urdf_description) by extensions ['ignore', 'ignore_ament_install']
[0.337s] Level 1:colcon.colcon_core.package_identification:_identify(src/urdf_description) by extension 'ignore'
[0.337s] Level 1:colcon.colcon_core.package_identification:_identify(src/urdf_description) by extension 'ignore_ament_install'
[0.337s] Level 1:colcon.colcon_core.package_identification:_identify(src/urdf_description) by extensions ['colcon_pkg']
[0.337s] Level 1:colcon.colcon_core.package_identification:_identify(src/urdf_description) by extension 'colcon_pkg'
[0.337s] Level 1:colcon.colcon_core.package_identification:_identify(src/urdf_description) by extensions ['colcon_meta']
[0.337s] Level 1:colcon.colcon_core.package_identification:_identify(src/urdf_description) by extension 'colcon_meta'
[0.337s] Level 1:colcon.colcon_core.package_identification:_identify(src/urdf_description) by extensions ['ros']
[0.337s] Level 1:colcon.colcon_core.package_identification:_identify(src/urdf_description) by extension 'ros'
[0.338s] DEBUG:colcon.colcon_core.package_identification:Package 'src/urdf_description' with type 'ros.ament_cmake' and name 'urdf_description'
[0.338s] Level 1:colcon.colcon_core.package_discovery:discover_packages(recursive) using defaults
[0.338s] Level 1:colcon.colcon_core.package_discovery:discover_packages(ignore) discover
[0.338s] Level 1:colcon.colcon_core.package_discovery:discover_packages(ignore) using defaults
[0.338s] Level 1:colcon.colcon_core.package_discovery:discover_packages(path) discover
[0.338s] Level 1:colcon.colcon_core.package_discovery:discover_packages(path) using defaults
[0.356s] Level 1:colcon.colcon_core.package_discovery:discover_packages(prefix_path) check parameters
[0.356s] Level 1:colcon.colcon_core.package_discovery:discover_packages(prefix_path) discover
[0.358s] DEBUG:colcon.colcon_installed_package_information.package_discovery:Found 2 installed packages in /home/sofia/sextoSem/robotica_inteligente/humanoides/disney/install
[0.359s] DEBUG:colcon.colcon_installed_package_information.package_discovery:Found 270 installed packages in /opt/ros/humble
[0.360s] Level 1:colcon.colcon_core.package_discovery:discover_packages(prefix_path) using defaults
[0.392s] Level 5:colcon.colcon_core.verb:set package 'marker' build argument 'cmake_args' from command line to 'None'
[0.392s] Level 5:colcon.colcon_core.verb:set package 'marker' build argument 'cmake_target' from command line to 'None'
[0.392s] Level 5:colcon.colcon_core.verb:set package 'marker' build argument 'cmake_target_skip_unavailable' from command line to 'False'
[0.392s] Level 5:colcon.colcon_core.verb:set package 'marker' build argument 'cmake_clean_cache' from command line to 'False'
[0.392s] Level 5:colcon.colcon_core.verb:set package 'marker' build argument 'cmake_clean_first' from command line to 'False'
[0.392s] Level 5:colcon.colcon_core.verb:set package 'marker' build argument 'cmake_force_configure' from command line to 'False'
[0.392s] Level 5:colcon.colcon_core.verb:set package 'marker' build argument 'ament_cmake_args' from command line to 'None'
[0.392s] Level 5:colcon.colcon_core.verb:set package 'marker' build argument 'catkin_cmake_args' from command line to 'None'
[0.392s] Level 5:colcon.colcon_core.verb:set package 'marker' build argument 'catkin_skip_building_tests' from command line to 'False'
[0.392s] DEBUG:colcon.colcon_core.verb:Building package 'marker' with the following arguments: {'ament_cmake_args': None, 'build_base': '/home/sofia/sextoSem/robotica_inteligente/humanoides/disney/build/marker', 'catkin_cmake_args': None, 'catkin_skip_building_tests': False, 'cmake_args': None, 'cmake_clean_cache': False, 'cmake_clean_first': False, 'cmake_force_configure': False, 'cmake_target': None, 'cmake_target_skip_unavailable': False, 'install_base': '/home/sofia/sextoSem/robotica_inteligente/humanoides/disney/install/marker', 'merge_install': False, 'path': '/home/sofia/sextoSem/robotica_inteligente/humanoides/disney/src/marker', 'symlink_install': False, 'test_result_base': None}
[0.393s] Level 5:colcon.colcon_core.verb:set package 'urdf_description' build argument 'cmake_args' from command line to 'None'
[0.393s] Level 5:colcon.colcon_core.verb:set package 'urdf_description' build argument 'cmake_target' from command line to 'None'
[0.393s] Level 5:colcon.colcon_core.verb:set package 'urdf_description' build argument 'cmake_target_skip_unavailable' from command line to 'False'
[0.393s] Level 5:colcon.colcon_core.verb:set package 'urdf_description' build argument 'cmake_clean_cache' from command line to 'False'
[0.393s] Level 5:colcon.colcon_core.verb:set package 'urdf_description' build argument 'cmake_clean_first' from command line to 'False'
[0.393s] Level 5:colcon.colcon_core.verb:set package 'urdf_description' build argument 'cmake_force_configure' from command line to 'False'
[0.393s] Level 5:colcon.colcon_core.verb:set package 'urdf_description' build argument 'ament_cmake_args' from command line to 'None'
[0.393s] Level 5:colcon.colcon_core.verb:set package 'urdf_description' build argument 'catkin_cmake_args' from command line to 'None'
[0.393s] Level 5:colcon.colcon_core.verb:set package 'urdf_description' build argument 'catkin_skip_building_tests' from command line to 'False'
[0.393s] DEBUG:colcon.colcon_core.verb:Building package 'urdf_description' with the following arguments: {'ament_cmake_args': None, 'build_base': '/home/sofia/sextoSem/robotica_inteligente/humanoides/disney/build/urdf_description', 'catkin_cmake_args': None, 'catkin_skip_building_tests': False, 'cmake_args': None, 'cmake_clean_cache': False, 'cmake_clean_first': False, 'cmake_force_configure': False, 'cmake_target': None, 'cmake_target_skip_unavailable': False, 'install_base': '/home/sofia/sextoSem/robotica_inteligente/humanoides/disney/install/urdf_description', 'merge_install': False, 'path': '/home/sofia/sextoSem/robotica_inteligente/humanoides/disney/src/urdf_description', 'symlink_install': False, 'test_result_base': None}
[0.393s] INFO:colcon.colcon_core.executor:Executing jobs using 'parallel' executor
[0.394s] DEBUG:colcon.colcon_parallel_executor.executor.parallel:run_until_complete
[0.394s] INFO:colcon.colcon_ros.task.ament_python.build:Building ROS package in '/home/sofia/sextoSem/robotica_inteligente/humanoides/disney/src/marker' with build type 'ament_python'
[0.394s] Level 1:colcon.colcon_core.shell:create_environment_hook('marker', 'ament_prefix_path')
[0.397s] INFO:colcon.colcon_core.plugin_system:Skipping extension 'colcon_core.shell.bat': Not used on non-Windows systems
[0.397s] INFO:colcon.colcon_core.shell:Creating environment hook '/home/sofia/sextoSem/robotica_inteligente/humanoides/disney/install/marker/share/marker/hook/ament_prefix_path.ps1'
[0.398s] INFO:colcon.colcon_core.shell:Creating environment descriptor '/home/sofia/sextoSem/robotica_inteligente/humanoides/disney/install/marker/share/marker/hook/ament_prefix_path.dsv'
[0.398s] INFO:colcon.colcon_core.shell:Creating environment hook '/home/sofia/sextoSem/robotica_inteligente/humanoides/disney/install/marker/share/marker/hook/ament_prefix_path.sh'
[0.399s] INFO:colcon.colcon_core.shell:Skip shell extension 'powershell' for command environment: Not usable outside of PowerShell
[0.399s] DEBUG:colcon.colcon_core.shell:Skip shell extension 'dsv' for command environment
[0.402s] INFO:colcon.colcon_ros.task.ament_cmake.build:Building ROS package in '/home/sofia/sextoSem/robotica_inteligente/humanoides/disney/src/urdf_description' with build type 'ament_cmake'
[0.402s] INFO:colcon.colcon_cmake.task.cmake.build:Building CMake package in '/home/sofia/sextoSem/robotica_inteligente/humanoides/disney/src/urdf_description'
[0.403s] INFO:colcon.colcon_core.shell:Skip shell extension 'powershell' for command environment: Not usable outside of PowerShell
[0.403s] DEBUG:colcon.colcon_core.shell:Skip shell extension 'dsv' for command environment
[0.569s] INFO:colcon.colcon_core.task.python.build:Building Python package in '/home/sofia/sextoSem/robotica_inteligente/humanoides/disney/src/marker'
[0.569s] INFO:colcon.colcon_core.shell:Skip shell extension 'powershell' for command environment: Not usable outside of PowerShell
[0.569s] DEBUG:colcon.colcon_core.shell:Skip shell extension 'dsv' for command environment
[0.577s] DEBUG:colcon.colcon_core.event_handler.log_command:Invoking command in '/home/sofia/sextoSem/robotica_inteligente/humanoides/disney/build/urdf_description': CMAKE_PREFIX_PATH=${CMAKE_PREFIX_PATH}:/home/sofia/sextoSem/robotica_inteligente/humanoides/disney/install/marker:/opt/ros/humble /usr/bin/cmake --build /home/sofia/sextoSem/robotica_inteligente/humanoides/disney/build/urdf_description -- -j12 -l12
[0.617s] DEBUG:colcon.colcon_core.event_handler.log_command:Invoked command in '/home/sofia/sextoSem/robotica_inteligente/humanoides/disney/build/urdf_description' returned '0': CMAKE_PREFIX_PATH=${CMAKE_PREFIX_PATH}:/home/sofia/sextoSem/robotica_inteligente/humanoides/disney/install/marker:/opt/ros/humble /usr/bin/cmake --build /home/sofia/sextoSem/robotica_inteligente/humanoides/disney/build/urdf_description -- -j12 -l12
[0.623s] DEBUG:colcon.colcon_core.event_handler.log_command:Invoking command in '/home/sofia/sextoSem/robotica_inteligente/humanoides/disney/build/urdf_description': CMAKE_PREFIX_PATH=${CMAKE_PREFIX_PATH}:/home/sofia/sextoSem/robotica_inteligente/humanoides/disney/install/marker:/opt/ros/humble /usr/bin/cmake --install /home/sofia/sextoSem/robotica_inteligente/humanoides/disney/build/urdf_description
[0.642s] Level 1:colcon.colcon_core.environment:create_environment_scripts_only(urdf_description)
[0.643s] DEBUG:colcon.colcon_core.event_handler.log_command:Invoked command in '/home/sofia/sextoSem/robotica_inteligente/humanoides/disney/build/urdf_description' returned '0': CMAKE_PREFIX_PATH=${CMAKE_PREFIX_PATH}:/home/sofia/sextoSem/robotica_inteligente/humanoides/disney/install/marker:/opt/ros/humble /usr/bin/cmake --install /home/sofia/sextoSem/robotica_inteligente/humanoides/disney/build/urdf_description
[0.645s] Level 1:colcon.colcon_core.environment:checking '/home/sofia/sextoSem/robotica_inteligente/humanoides/disney/install/urdf_description' for CMake module files
[0.646s] Level 1:colcon.colcon_core.environment:checking '/home/sofia/sextoSem/robotica_inteligente/humanoides/disney/install/urdf_description' for CMake config files
[0.646s] Level 1:colcon.colcon_core.shell:create_environment_hook('urdf_description', 'cmake_prefix_path')
[0.646s] INFO:colcon.colcon_core.shell:Creating environment hook '/home/sofia/sextoSem/robotica_inteligente/humanoides/disney/install/urdf_description/share/urdf_description/hook/cmake_prefix_path.ps1'
[0.647s] INFO:colcon.colcon_core.shell:Creating environment descriptor '/home/sofia/sextoSem/robotica_inteligente/humanoides/disney/install/urdf_description/share/urdf_description/hook/cmake_prefix_path.dsv'
[0.647s] INFO:colcon.colcon_core.shell:Creating environment hook '/home/sofia/sextoSem/robotica_inteligente/humanoides/disney/install/urdf_description/share/urdf_description/hook/cmake_prefix_path.sh'
[0.648s] Level 1:colcon.colcon_core.environment:checking '/home/sofia/sextoSem/robotica_inteligente/humanoides/disney/install/urdf_description/bin'
[0.648s] Level 1:colcon.colcon_core.environment:checking '/home/sofia/sextoSem/robotica_inteligente/humanoides/disney/install/urdf_description/lib/pkgconfig/urdf_description.pc'
[0.648s] Level 1:colcon.colcon_core.environment:checking '/home/sofia/sextoSem/robotica_inteligente/humanoides/disney/install/urdf_description/lib/python3.10/site-packages'
[0.648s] Level 1:colcon.colcon_core.environment:checking '/home/sofia/sextoSem/robotica_inteligente/humanoides/disney/install/urdf_description/bin'
[0.649s] INFO:colcon.colcon_core.shell:Creating package script '/home/sofia/sextoSem/robotica_inteligente/humanoides/disney/install/urdf_description/share/urdf_description/package.ps1'
[0.649s] INFO:colcon.colcon_core.shell:Creating package descriptor '/home/sofia/sextoSem/robotica_inteligente/humanoides/disney/install/urdf_description/share/urdf_description/package.dsv'
[0.650s] INFO:colcon.colcon_core.shell:Creating package script '/home/sofia/sextoSem/robotica_inteligente/humanoides/disney/install/urdf_description/share/urdf_description/package.sh'
[0.651s] INFO:colcon.colcon_core.shell:Creating package script '/home/sofia/sextoSem/robotica_inteligente/humanoides/disney/install/urdf_description/share/urdf_description/package.bash'
[0.651s] INFO:colcon.colcon_core.shell:Creating package script '/home/sofia/sextoSem/robotica_inteligente/humanoides/disney/install/urdf_description/share/urdf_description/package.zsh'
[0.652s] Level 1:colcon.colcon_core.environment:create_file_with_runtime_dependencies(/home/sofia/sextoSem/robotica_inteligente/humanoides/disney/install/urdf_description/share/colcon-core/packages/urdf_description)
[0.652s] Level 1:colcon.colcon_core.environment:create_environment_scripts_only(urdf_description)
[0.653s] Level 1:colcon.colcon_core.environment:checking '/home/sofia/sextoSem/robotica_inteligente/humanoides/disney/install/urdf_description' for CMake module files
[0.653s] Level 1:colcon.colcon_core.environment:checking '/home/sofia/sextoSem/robotica_inteligente/humanoides/disney/install/urdf_description' for CMake config files
[0.653s] Level 1:colcon.colcon_core.shell:create_environment_hook('urdf_description', 'cmake_prefix_path')
[0.653s] INFO:colcon.colcon_core.shell:Creating environment hook '/home/sofia/sextoSem/robotica_inteligente/humanoides/disney/install/urdf_description/share/urdf_description/hook/cmake_prefix_path.ps1'
[0.654s] INFO:colcon.colcon_core.shell:Creating environment descriptor '/home/sofia/sextoSem/robotica_inteligente/humanoides/disney/install/urdf_description/share/urdf_description/hook/cmake_prefix_path.dsv'
[0.654s] INFO:colcon.colcon_core.shell:Creating environment hook '/home/sofia/sextoSem/robotica_inteligente/humanoides/disney/install/urdf_description/share/urdf_description/hook/cmake_prefix_path.sh'
[0.654s] Level 1:colcon.colcon_core.environment:checking '/home/sofia/sextoSem/robotica_inteligente/humanoides/disney/install/urdf_description/bin'
[0.654s] Level 1:colcon.colcon_core.environment:checking '/home/sofia/sextoSem/robotica_inteligente/humanoides/disney/install/urdf_description/lib/pkgconfig/urdf_description.pc'
[0.655s] Level 1:colcon.colcon_core.environment:checking '/home/sofia/sextoSem/robotica_inteligente/humanoides/disney/install/urdf_description/lib/python3.10/site-packages'
[0.655s] Level 1:colcon.colcon_core.environment:checking '/home/sofia/sextoSem/robotica_inteligente/humanoides/disney/install/urdf_description/bin'
[0.655s] INFO:colcon.colcon_core.shell:Creating package script '/home/sofia/sextoSem/robotica_inteligente/humanoides/disney/install/urdf_description/share/urdf_description/package.ps1'
[0.655s] INFO:colcon.colcon_core.shell:Creating package descriptor '/home/sofia/sextoSem/robotica_inteligente/humanoides/disney/install/urdf_description/share/urdf_description/package.dsv'
[0.656s] INFO:colcon.colcon_core.shell:Creating package script '/home/sofia/sextoSem/robotica_inteligente/humanoides/disney/install/urdf_description/share/urdf_description/package.sh'
[0.656s] INFO:colcon.colcon_core.shell:Creating package script '/home/sofia/sextoSem/robotica_inteligente/humanoides/disney/install/urdf_description/share/urdf_description/package.bash'
[0.656s] INFO:colcon.colcon_core.shell:Creating package script '/home/sofia/sextoSem/robotica_inteligente/humanoides/disney/install/urdf_description/share/urdf_description/package.zsh'
[0.656s] Level 1:colcon.colcon_core.environment:create_file_with_runtime_dependencies(/home/sofia/sextoSem/robotica_inteligente/humanoides/disney/install/urdf_description/share/colcon-core/packages/urdf_description)
[0.846s] DEBUG:colcon.colcon_core.event_handler.log_command:Invoking command in '/home/sofia/sextoSem/robotica_inteligente/humanoides/disney/src/marker': PYTHONPATH=/home/sofia/sextoSem/robotica_inteligente/humanoides/disney/build/marker/prefix_override:/usr/lib/python3/dist-packages/colcon_core/task/python/colcon_distutils_commands:/home/sofia/sextoSem/robotica_inteligente/humanoides/disney/install/marker/lib/python3.10/site-packages:${PYTHONPATH} /usr/bin/python3 -W ignore:setup.py install is deprecated -W ignore:easy_install command is deprecated setup.py egg_info --egg-base ../../build/marker build --build-base /home/sofia/sextoSem/robotica_inteligente/humanoides/disney/build/marker/build install --record /home/sofia/sextoSem/robotica_inteligente/humanoides/disney/build/marker/install.log --single-version-externally-managed install_data
[1.060s] Level 1:colcon.colcon_core.environment:checking '/home/sofia/sextoSem/robotica_inteligente/humanoides/disney/install/marker' for CMake module files
[1.061s] DEBUG:colcon.colcon_core.event_handler.log_command:Invoked command in '/home/sofia/sextoSem/robotica_inteligente/humanoides/disney/src/marker' returned '0': PYTHONPATH=/home/sofia/sextoSem/robotica_inteligente/humanoides/disney/build/marker/prefix_override:/usr/lib/python3/dist-packages/colcon_core/task/python/colcon_distutils_commands:/home/sofia/sextoSem/robotica_inteligente/humanoides/disney/install/marker/lib/python3.10/site-packages:${PYTHONPATH} /usr/bin/python3 -W ignore:setup.py install is deprecated -W ignore:easy_install command is deprecated setup.py egg_info --egg-base ../../build/marker build --build-base /home/sofia/sextoSem/robotica_inteligente/humanoides/disney/build/marker/build install --record /home/sofia/sextoSem/robotica_inteligente/humanoides/disney/build/marker/install.log --single-version-externally-managed install_data
[1.061s] Level 1:colcon.colcon_core.environment:checking '/home/sofia/sextoSem/robotica_inteligente/humanoides/disney/install/marker' for CMake config files
[1.062s] Level 1:colcon.colcon_core.environment:checking '/home/sofia/sextoSem/robotica_inteligente/humanoides/disney/install/marker/lib'
[1.062s] Level 1:colcon.colcon_core.environment:checking '/home/sofia/sextoSem/robotica_inteligente/humanoides/disney/install/marker/bin'
[1.062s] Level 1:colcon.colcon_core.environment:checking '/home/sofia/sextoSem/robotica_inteligente/humanoides/disney/install/marker/lib/pkgconfig/marker.pc'
[1.063s] Level 1:colcon.colcon_core.environment:checking '/home/sofia/sextoSem/robotica_inteligente/humanoides/disney/install/marker/lib/python3.10/site-packages'
[1.063s] Level 1:colcon.colcon_core.shell:create_environment_hook('marker', 'pythonpath')
[1.063s] INFO:colcon.colcon_core.shell:Creating environment hook '/home/sofia/sextoSem/robotica_inteligente/humanoides/disney/install/marker/share/marker/hook/pythonpath.ps1'
[1.064s] INFO:colcon.colcon_core.shell:Creating environment descriptor '/home/sofia/sextoSem/robotica_inteligente/humanoides/disney/install/marker/share/marker/hook/pythonpath.dsv'
[1.065s] INFO:colcon.colcon_core.shell:Creating environment hook '/home/sofia/sextoSem/robotica_inteligente/humanoides/disney/install/marker/share/marker/hook/pythonpath.sh'
[1.065s] Level 1:colcon.colcon_core.environment:checking '/home/sofia/sextoSem/robotica_inteligente/humanoides/disney/install/marker/bin'
[1.065s] Level 1:colcon.colcon_core.environment:create_environment_scripts_only(marker)
[1.066s] INFO:colcon.colcon_core.shell:Creating package script '/home/sofia/sextoSem/robotica_inteligente/humanoides/disney/install/marker/share/marker/package.ps1'
[1.066s] INFO:colcon.colcon_core.shell:Creating package descriptor '/home/sofia/sextoSem/robotica_inteligente/humanoides/disney/install/marker/share/marker/package.dsv'
[1.067s] INFO:colcon.colcon_core.shell:Creating package script '/home/sofia/sextoSem/robotica_inteligente/humanoides/disney/install/marker/share/marker/package.sh'
[1.067s] INFO:colcon.colcon_core.shell:Creating package script '/home/sofia/sextoSem/robotica_inteligente/humanoides/disney/install/marker/share/marker/package.bash'
[1.067s] INFO:colcon.colcon_core.shell:Creating package script '/home/sofia/sextoSem/robotica_inteligente/humanoides/disney/install/marker/share/marker/package.zsh'
[1.068s] Level 1:colcon.colcon_core.environment:create_file_with_runtime_dependencies(/home/sofia/sextoSem/robotica_inteligente/humanoides/disney/install/marker/share/colcon-core/packages/marker)
[1.068s] DEBUG:colcon.colcon_parallel_executor.executor.parallel:closing loop
[1.069s] DEBUG:colcon.colcon_parallel_executor.executor.parallel:loop closed
[1.069s] DEBUG:colcon.colcon_parallel_executor.executor.parallel:run_until_complete finished with '0'
[1.069s] DEBUG:colcon.colcon_core.event_reactor:joining thread
[1.122s] INFO:colcon.colcon_core.plugin_system:Skipping extension 'colcon_notification.desktop_notification.notify_send': Could not find 'notify-send'
[1.122s] INFO:colcon.colcon_core.plugin_system:Skipping extension 'colcon_notification.desktop_notification.terminal_notifier': Not used on non-Darwin systems
[1.122s] INFO:colcon.colcon_core.plugin_system:Skipping extension 'colcon_notification.desktop_notification.win32': Not used on non-Windows systems
[1.123s] INFO:colcon.colcon_notification.desktop_notification:Sending desktop notification using 'notify2'
[1.125s] DEBUG:colcon.colcon_notification.desktop_notification.notify2:Failed to initialize notify2: org.freedesktop.DBus.Error.ServiceUnknown: The name org.freedesktop.Notifications was not provided by any .service files
[1.126s] DEBUG:colcon.colcon_core.event_reactor:joined thread
[1.126s] INFO:colcon.colcon_core.shell:Creating prefix script '/home/sofia/sextoSem/robotica_inteligente/humanoides/disney/install/local_setup.ps1'
[1.127s] INFO:colcon.colcon_core.shell:Creating prefix util module '/home/sofia/sextoSem/robotica_inteligente/humanoides/disney/install/_local_setup_util_ps1.py'
[1.129s] INFO:colcon.colcon_core.shell:Creating prefix chain script '/home/sofia/sextoSem/robotica_inteligente/humanoides/disney/install/setup.ps1'
[1.130s] INFO:colcon.colcon_core.shell:Creating prefix script '/home/sofia/sextoSem/robotica_inteligente/humanoides/disney/install/local_setup.sh'
[1.130s] INFO:colcon.colcon_core.shell:Creating prefix util module '/home/sofia/sextoSem/robotica_inteligente/humanoides/disney/install/_local_setup_util_sh.py'
[1.130s] INFO:colcon.colcon_core.shell:Creating prefix chain script '/home/sofia/sextoSem/robotica_inteligente/humanoides/disney/install/setup.sh'
[1.131s] INFO:colcon.colcon_core.shell:Creating prefix script '/home/sofia/sextoSem/robotica_inteligente/humanoides/disney/install/local_setup.bash'
[1.132s] INFO:colcon.colcon_core.shell:Creating prefix chain script '/home/sofia/sextoSem/robotica_inteligente/humanoides/disney/install/setup.bash'
[1.133s] INFO:colcon.colcon_core.shell:Creating prefix script '/home/sofia/sextoSem/robotica_inteligente/humanoides/disney/install/local_setup.zsh'
[1.134s] INFO:colcon.colcon_core.shell:Creating prefix chain script '/home/sofia/sextoSem/robotica_inteligente/humanoides/disney/install/setup.zsh'
