[0.146s] DEBUG:colcon:Command line arguments: ['/usr/bin/colcon', 'build']
[0.147s] DEBUG:colcon:Parsed command line arguments: Namespace(log_base=None, log_level=None, verb_name='build', build_base='build', install_base='install', merge_install=False, symlink_install=False, test_result_base=None, continue_on_error=False, executor='parallel', parallel_workers=12, event_handlers=None, ignore_user_meta=False, metas=['./colcon.meta'], base_paths=['.'], packages_ignore=None, packages_ignore_regex=None, paths=None, packages_up_to=None, packages_up_to_regex=None, packages_above=None, packages_above_and_dependencies=None, packages_above_depth=None, packages_select_by_dep=None, packages_skip_by_dep=None, packages_skip_up_to=None, packages_select_build_failed=False, packages_skip_build_finished=False, packages_select_test_failures=False, packages_skip_test_passed=False, packages_select=None, packages_skip=None, packages_select_regex=None, packages_skip_regex=None, packages_start=None, packages_end=None, allow_overriding=[], cmake_args=None, cmake_target=None, cmake_target_skip_unavailable=False, cmake_clean_cache=False, cmake_clean_first=False, cmake_force_configure=False, ament_cmake_args=None, catkin_cmake_args=None, catkin_skip_building_tests=False, verb_parser=<colcon_defaults.argument_parser.defaults.DefaultArgumentsDecorator object at 0x7f8d0889e560>, verb_extension=<colcon_core.verb.build.BuildVerb object at 0x7f8d0889d720>, main=<bound method BuildVerb.main of <colcon_core.verb.build.BuildVerb object at 0x7f8d0889d720>>)
[0.238s] Level 1:colcon.colcon_core.package_discovery:discover_packages(colcon_meta) check parameters
[0.238s] Level 1:colcon.colcon_core.package_discovery:discover_packages(recursive) check parameters
[0.238s] Level 1:colcon.colcon_core.package_discovery:discover_packages(ignore) check parameters
[0.238s] Level 1:colcon.colcon_core.package_discovery:discover_packages(path) check parameters
[0.238s] Level 1:colcon.colcon_core.package_discovery:discover_packages(colcon_meta) discover
[0.238s] Level 1:colcon.colcon_core.package_discovery:discover_packages(recursive) discover
[0.238s] INFO:colcon.colcon_core.package_discovery:Crawling recursively for packages in '/home/sofia/sextoSem/robotica_inteligente/humanoides/disney/src/urdf_description'
[0.238s] Level 1:colcon.colcon_core.package_identification:_identify(.) by extensions ['ignore', 'ignore_ament_install']
[0.238s] Level 1:colcon.colcon_core.package_identification:_identify(.) by extension 'ignore'
[0.238s] Level 1:colcon.colcon_core.package_identification:_identify(.) by extension 'ignore_ament_install'
[0.238s] Level 1:colcon.colcon_core.package_identification:_identify(.) by extensions ['colcon_pkg']
[0.238s] Level 1:colcon.colcon_core.package_identification:_identify(.) by extension 'colcon_pkg'
[0.238s] Level 1:colcon.colcon_core.package_identification:_identify(.) by extensions ['colcon_meta']
[0.238s] Level 1:colcon.colcon_core.package_identification:_identify(.) by extension 'colcon_meta'
[0.239s] Level 1:colcon.colcon_core.package_identification:_identify(.) by extensions ['ros']
[0.239s] Level 1:colcon.colcon_core.package_identification:_identify(.) by extension 'ros'
[0.248s] DEBUG:colcon.colcon_core.package_identification:Package '.' with type 'ros.ament_cmake' and name 'urdf_description'
[0.248s] Level 1:colcon.colcon_core.package_discovery:discover_packages(recursive) using defaults
[0.248s] Level 1:colcon.colcon_core.package_discovery:discover_packages(ignore) discover
[0.248s] Level 1:colcon.colcon_core.package_discovery:discover_packages(ignore) using defaults
[0.248s] Level 1:colcon.colcon_core.package_discovery:discover_packages(path) discover
[0.248s] Level 1:colcon.colcon_core.package_discovery:discover_packages(path) using defaults
[0.261s] Level 1:colcon.colcon_core.package_discovery:discover_packages(prefix_path) check parameters
[0.262s] Level 1:colcon.colcon_core.package_discovery:discover_packages(prefix_path) discover
[0.262s] WARNING:colcon.colcon_core.prefix_path.colcon:The path '/home/sofia/sextoSem/robotica_inteligente/humanoides/disney/disney_description/install' in the environment variable COLCON_PREFIX_PATH doesn't exist
[0.263s] WARNING:colcon.colcon_ros.prefix_path.ament:The path '/home/sofia/sextoSem/robotica_inteligente/humanoides/disney/src/urdf_description/install/urdf_description' in the environment variable AMENT_PREFIX_PATH doesn't exist
[0.263s] WARNING:colcon.colcon_ros.prefix_path.ament:The path '/home/sofia/sextoSem/robotica_inteligente/humanoides/disney/disney_description/install/disney_description' in the environment variable AMENT_PREFIX_PATH doesn't exist
[0.263s] WARNING:colcon.colcon_ros.prefix_path.catkin:The path '/home/sofia/sextoSem/robotica_inteligente/humanoides/disney/src/urdf_description/install/urdf_description' in the environment variable CMAKE_PREFIX_PATH doesn't exist
[0.263s] WARNING:colcon.colcon_ros.prefix_path.catkin:The path '/home/sofia/sextoSem/robotica_inteligente/humanoides/disney/disney_description/install/disney_description' in the environment variable CMAKE_PREFIX_PATH doesn't exist
[0.264s] DEBUG:colcon.colcon_installed_package_information.package_discovery:Found 1 installed packages in /home/sofia/sextoSem/robotica_inteligente/humanoides/disney/install
[0.264s] DEBUG:colcon.colcon_installed_package_information.package_discovery:Found 0 installed packages in /home/sofia/sextoSem/robotica_inteligente/humanoides/disney/src/urdf_description/install
[0.265s] DEBUG:colcon.colcon_installed_package_information.package_discovery:Found 255 installed packages in /opt/ros/humble
[0.266s] Level 1:colcon.colcon_core.package_discovery:discover_packages(prefix_path) using defaults
[0.297s] Level 5:colcon.colcon_core.verb:set package 'urdf_description' build argument 'cmake_args' from command line to 'None'
[0.297s] Level 5:colcon.colcon_core.verb:set package 'urdf_description' build argument 'cmake_target' from command line to 'None'
[0.297s] Level 5:colcon.colcon_core.verb:set package 'urdf_description' build argument 'cmake_target_skip_unavailable' from command line to 'False'
[0.297s] Level 5:colcon.colcon_core.verb:set package 'urdf_description' build argument 'cmake_clean_cache' from command line to 'False'
[0.297s] Level 5:colcon.colcon_core.verb:set package 'urdf_description' build argument 'cmake_clean_first' from command line to 'False'
[0.297s] Level 5:colcon.colcon_core.verb:set package 'urdf_description' build argument 'cmake_force_configure' from command line to 'False'
[0.297s] Level 5:colcon.colcon_core.verb:set package 'urdf_description' build argument 'ament_cmake_args' from command line to 'None'
[0.297s] Level 5:colcon.colcon_core.verb:set package 'urdf_description' build argument 'catkin_cmake_args' from command line to 'None'
[0.297s] Level 5:colcon.colcon_core.verb:set package 'urdf_description' build argument 'catkin_skip_building_tests' from command line to 'False'
[0.297s] DEBUG:colcon.colcon_core.verb:Building package 'urdf_description' with the following arguments: {'ament_cmake_args': None, 'build_base': '/home/sofia/sextoSem/robotica_inteligente/humanoides/disney/src/urdf_description/build/urdf_description', 'catkin_cmake_args': None, 'catkin_skip_building_tests': False, 'cmake_args': None, 'cmake_clean_cache': False, 'cmake_clean_first': False, 'cmake_force_configure': False, 'cmake_target': None, 'cmake_target_skip_unavailable': False, 'install_base': '/home/sofia/sextoSem/robotica_inteligente/humanoides/disney/src/urdf_description/install/urdf_description', 'merge_install': False, 'path': '/home/sofia/sextoSem/robotica_inteligente/humanoides/disney/src/urdf_description', 'symlink_install': False, 'test_result_base': None}
[0.298s] INFO:colcon.colcon_core.executor:Executing jobs using 'parallel' executor
[0.299s] DEBUG:colcon.colcon_parallel_executor.executor.parallel:run_until_complete
[0.299s] INFO:colcon.colcon_ros.task.ament_cmake.build:Building ROS package in '/home/sofia/sextoSem/robotica_inteligente/humanoides/disney/src/urdf_description' with build type 'ament_cmake'
[0.299s] INFO:colcon.colcon_cmake.task.cmake.build:Building CMake package in '/home/sofia/sextoSem/robotica_inteligente/humanoides/disney/src/urdf_description'
[0.301s] INFO:colcon.colcon_core.plugin_system:Skipping extension 'colcon_core.shell.bat': Not used on non-Windows systems
[0.301s] INFO:colcon.colcon_core.shell:Skip shell extension 'powershell' for command environment: Not usable outside of PowerShell
[0.301s] DEBUG:colcon.colcon_core.shell:Skip shell extension 'dsv' for command environment
[0.311s] DEBUG:colcon.colcon_core.event_handler.log_command:Invoking command in '/home/sofia/sextoSem/robotica_inteligente/humanoides/disney/src/urdf_description/build/urdf_description': CMAKE_PREFIX_PATH=${CMAKE_PREFIX_PATH}:/opt/ros/humble /usr/bin/cmake /home/sofia/sextoSem/robotica_inteligente/humanoides/disney/src/urdf_description -DCMAKE_INSTALL_PREFIX=/home/sofia/sextoSem/robotica_inteligente/humanoides/disney/src/urdf_description/install/urdf_description
[1.831s] DEBUG:colcon.colcon_core.event_handler.log_command:Invoked command in '/home/sofia/sextoSem/robotica_inteligente/humanoides/disney/src/urdf_description/build/urdf_description' returned '0': CMAKE_PREFIX_PATH=${CMAKE_PREFIX_PATH}:/opt/ros/humble /usr/bin/cmake /home/sofia/sextoSem/robotica_inteligente/humanoides/disney/src/urdf_description -DCMAKE_INSTALL_PREFIX=/home/sofia/sextoSem/robotica_inteligente/humanoides/disney/src/urdf_description/install/urdf_description
[1.831s] DEBUG:colcon.colcon_core.event_handler.log_command:Invoking command in '/home/sofia/sextoSem/robotica_inteligente/humanoides/disney/src/urdf_description/build/urdf_description': CMAKE_PREFIX_PATH=${CMAKE_PREFIX_PATH}:/opt/ros/humble /usr/bin/cmake --build /home/sofia/sextoSem/robotica_inteligente/humanoides/disney/src/urdf_description/build/urdf_description -- -j12 -l12
[1.854s] DEBUG:colcon.colcon_core.event_handler.log_command:Invoked command in '/home/sofia/sextoSem/robotica_inteligente/humanoides/disney/src/urdf_description/build/urdf_description' returned '0': CMAKE_PREFIX_PATH=${CMAKE_PREFIX_PATH}:/opt/ros/humble /usr/bin/cmake --build /home/sofia/sextoSem/robotica_inteligente/humanoides/disney/src/urdf_description/build/urdf_description -- -j12 -l12
[1.861s] DEBUG:colcon.colcon_core.event_handler.log_command:Invoking command in '/home/sofia/sextoSem/robotica_inteligente/humanoides/disney/src/urdf_description/build/urdf_description': CMAKE_PREFIX_PATH=${CMAKE_PREFIX_PATH}:/opt/ros/humble /usr/bin/cmake --install /home/sofia/sextoSem/robotica_inteligente/humanoides/disney/src/urdf_description/build/urdf_description
[1.908s] Level 1:colcon.colcon_core.environment:create_environment_scripts_only(urdf_description)
[1.909s] DEBUG:colcon.colcon_core.event_handler.log_command:Invoked command in '/home/sofia/sextoSem/robotica_inteligente/humanoides/disney/src/urdf_description/build/urdf_description' returned '0': CMAKE_PREFIX_PATH=${CMAKE_PREFIX_PATH}:/opt/ros/humble /usr/bin/cmake --install /home/sofia/sextoSem/robotica_inteligente/humanoides/disney/src/urdf_description/build/urdf_description
[1.911s] Level 1:colcon.colcon_core.environment:checking '/home/sofia/sextoSem/robotica_inteligente/humanoides/disney/src/urdf_description/install/urdf_description' for CMake module files
[1.911s] Level 1:colcon.colcon_core.environment:checking '/home/sofia/sextoSem/robotica_inteligente/humanoides/disney/src/urdf_description/install/urdf_description' for CMake config files
[1.911s] Level 1:colcon.colcon_core.shell:create_environment_hook('urdf_description', 'cmake_prefix_path')
[1.911s] INFO:colcon.colcon_core.shell:Creating environment hook '/home/sofia/sextoSem/robotica_inteligente/humanoides/disney/src/urdf_description/install/urdf_description/share/urdf_description/hook/cmake_prefix_path.ps1'
[1.912s] INFO:colcon.colcon_core.shell:Creating environment descriptor '/home/sofia/sextoSem/robotica_inteligente/humanoides/disney/src/urdf_description/install/urdf_description/share/urdf_description/hook/cmake_prefix_path.dsv'
[1.912s] INFO:colcon.colcon_core.shell:Creating environment hook '/home/sofia/sextoSem/robotica_inteligente/humanoides/disney/src/urdf_description/install/urdf_description/share/urdf_description/hook/cmake_prefix_path.sh'
[1.913s] Level 1:colcon.colcon_core.environment:checking '/home/sofia/sextoSem/robotica_inteligente/humanoides/disney/src/urdf_description/install/urdf_description/bin'
[1.913s] Level 1:colcon.colcon_core.environment:checking '/home/sofia/sextoSem/robotica_inteligente/humanoides/disney/src/urdf_description/install/urdf_description/lib/pkgconfig/urdf_description.pc'
[1.913s] Level 1:colcon.colcon_core.environment:checking '/home/sofia/sextoSem/robotica_inteligente/humanoides/disney/src/urdf_description/install/urdf_description/lib/python3.10/site-packages'
[1.913s] Level 1:colcon.colcon_core.environment:checking '/home/sofia/sextoSem/robotica_inteligente/humanoides/disney/src/urdf_description/install/urdf_description/bin'
[1.914s] INFO:colcon.colcon_core.shell:Creating package script '/home/sofia/sextoSem/robotica_inteligente/humanoides/disney/src/urdf_description/install/urdf_description/share/urdf_description/package.ps1'
[1.914s] INFO:colcon.colcon_core.shell:Creating package descriptor '/home/sofia/sextoSem/robotica_inteligente/humanoides/disney/src/urdf_description/install/urdf_description/share/urdf_description/package.dsv'
[1.915s] INFO:colcon.colcon_core.shell:Creating package script '/home/sofia/sextoSem/robotica_inteligente/humanoides/disney/src/urdf_description/install/urdf_description/share/urdf_description/package.sh'
[1.915s] INFO:colcon.colcon_core.shell:Creating package script '/home/sofia/sextoSem/robotica_inteligente/humanoides/disney/src/urdf_description/install/urdf_description/share/urdf_description/package.bash'
[1.916s] INFO:colcon.colcon_core.shell:Creating package script '/home/sofia/sextoSem/robotica_inteligente/humanoides/disney/src/urdf_description/install/urdf_description/share/urdf_description/package.zsh'
[1.916s] Level 1:colcon.colcon_core.environment:create_file_with_runtime_dependencies(/home/sofia/sextoSem/robotica_inteligente/humanoides/disney/src/urdf_description/install/urdf_description/share/colcon-core/packages/urdf_description)
[1.917s] Level 1:colcon.colcon_core.environment:create_environment_scripts_only(urdf_description)
[1.917s] Level 1:colcon.colcon_core.environment:checking '/home/sofia/sextoSem/robotica_inteligente/humanoides/disney/src/urdf_description/install/urdf_description' for CMake module files
[1.918s] Level 1:colcon.colcon_core.environment:checking '/home/sofia/sextoSem/robotica_inteligente/humanoides/disney/src/urdf_description/install/urdf_description' for CMake config files
[1.918s] Level 1:colcon.colcon_core.shell:create_environment_hook('urdf_description', 'cmake_prefix_path')
[1.918s] INFO:colcon.colcon_core.shell:Creating environment hook '/home/sofia/sextoSem/robotica_inteligente/humanoides/disney/src/urdf_description/install/urdf_description/share/urdf_description/hook/cmake_prefix_path.ps1'
[1.919s] INFO:colcon.colcon_core.shell:Creating environment descriptor '/home/sofia/sextoSem/robotica_inteligente/humanoides/disney/src/urdf_description/install/urdf_description/share/urdf_description/hook/cmake_prefix_path.dsv'
[1.919s] INFO:colcon.colcon_core.shell:Creating environment hook '/home/sofia/sextoSem/robotica_inteligente/humanoides/disney/src/urdf_description/install/urdf_description/share/urdf_description/hook/cmake_prefix_path.sh'
[1.919s] Level 1:colcon.colcon_core.environment:checking '/home/sofia/sextoSem/robotica_inteligente/humanoides/disney/src/urdf_description/install/urdf_description/bin'
[1.919s] Level 1:colcon.colcon_core.environment:checking '/home/sofia/sextoSem/robotica_inteligente/humanoides/disney/src/urdf_description/install/urdf_description/lib/pkgconfig/urdf_description.pc'
[1.920s] Level 1:colcon.colcon_core.environment:checking '/home/sofia/sextoSem/robotica_inteligente/humanoides/disney/src/urdf_description/install/urdf_description/lib/python3.10/site-packages'
[1.920s] Level 1:colcon.colcon_core.environment:checking '/home/sofia/sextoSem/robotica_inteligente/humanoides/disney/src/urdf_description/install/urdf_description/bin'
[1.920s] INFO:colcon.colcon_core.shell:Creating package script '/home/sofia/sextoSem/robotica_inteligente/humanoides/disney/src/urdf_description/install/urdf_description/share/urdf_description/package.ps1'
[1.921s] INFO:colcon.colcon_core.shell:Creating package descriptor '/home/sofia/sextoSem/robotica_inteligente/humanoides/disney/src/urdf_description/install/urdf_description/share/urdf_description/package.dsv'
[1.921s] INFO:colcon.colcon_core.shell:Creating package script '/home/sofia/sextoSem/robotica_inteligente/humanoides/disney/src/urdf_description/install/urdf_description/share/urdf_description/package.sh'
[1.922s] INFO:colcon.colcon_core.shell:Creating package script '/home/sofia/sextoSem/robotica_inteligente/humanoides/disney/src/urdf_description/install/urdf_description/share/urdf_description/package.bash'
[1.922s] INFO:colcon.colcon_core.shell:Creating package script '/home/sofia/sextoSem/robotica_inteligente/humanoides/disney/src/urdf_description/install/urdf_description/share/urdf_description/package.zsh'
[1.923s] Level 1:colcon.colcon_core.environment:create_file_with_runtime_dependencies(/home/sofia/sextoSem/robotica_inteligente/humanoides/disney/src/urdf_description/install/urdf_description/share/colcon-core/packages/urdf_description)
[1.923s] DEBUG:colcon.colcon_parallel_executor.executor.parallel:closing loop
[1.924s] DEBUG:colcon.colcon_parallel_executor.executor.parallel:loop closed
[1.924s] DEBUG:colcon.colcon_parallel_executor.executor.parallel:run_until_complete finished with '0'
[1.924s] DEBUG:colcon.colcon_core.event_reactor:joining thread
[1.985s] INFO:colcon.colcon_core.plugin_system:Skipping extension 'colcon_notification.desktop_notification.notify_send': Could not find 'notify-send'
[1.985s] INFO:colcon.colcon_core.plugin_system:Skipping extension 'colcon_notification.desktop_notification.terminal_notifier': Not used on non-Darwin systems
[1.985s] INFO:colcon.colcon_core.plugin_system:Skipping extension 'colcon_notification.desktop_notification.win32': Not used on non-Windows systems
[1.985s] INFO:colcon.colcon_notification.desktop_notification:Sending desktop notification using 'notify2'
[1.988s] DEBUG:colcon.colcon_notification.desktop_notification.notify2:Failed to initialize notify2: org.freedesktop.DBus.Error.ServiceUnknown: The name org.freedesktop.Notifications was not provided by any .service files
[1.988s] DEBUG:colcon.colcon_core.event_reactor:joined thread
[1.988s] INFO:colcon.colcon_core.shell:Creating prefix script '/home/sofia/sextoSem/robotica_inteligente/humanoides/disney/src/urdf_description/install/local_setup.ps1'
[1.989s] INFO:colcon.colcon_core.shell:Creating prefix util module '/home/sofia/sextoSem/robotica_inteligente/humanoides/disney/src/urdf_description/install/_local_setup_util_ps1.py'
[1.990s] INFO:colcon.colcon_core.shell:Creating prefix chain script '/home/sofia/sextoSem/robotica_inteligente/humanoides/disney/src/urdf_description/install/setup.ps1'
[1.991s] INFO:colcon.colcon_core.shell:Creating prefix script '/home/sofia/sextoSem/robotica_inteligente/humanoides/disney/src/urdf_description/install/local_setup.sh'
[1.991s] INFO:colcon.colcon_core.shell:Creating prefix util module '/home/sofia/sextoSem/robotica_inteligente/humanoides/disney/src/urdf_description/install/_local_setup_util_sh.py'
[1.992s] INFO:colcon.colcon_core.shell:Creating prefix chain script '/home/sofia/sextoSem/robotica_inteligente/humanoides/disney/src/urdf_description/install/setup.sh'
[1.992s] INFO:colcon.colcon_core.shell:Creating prefix script '/home/sofia/sextoSem/robotica_inteligente/humanoides/disney/src/urdf_description/install/local_setup.bash'
[1.993s] INFO:colcon.colcon_core.shell:Creating prefix chain script '/home/sofia/sextoSem/robotica_inteligente/humanoides/disney/src/urdf_description/install/setup.bash'
[1.993s] INFO:colcon.colcon_core.shell:Creating prefix script '/home/sofia/sextoSem/robotica_inteligente/humanoides/disney/src/urdf_description/install/local_setup.zsh'
[1.994s] INFO:colcon.colcon_core.shell:Creating prefix chain script '/home/sofia/sextoSem/robotica_inteligente/humanoides/disney/src/urdf_description/install/setup.zsh'
