[0.010s] Invoking command in '/home/sofia/sextoSem/robotica_inteligente/humanoides/disney/build/urdf_description': CMAKE_PREFIX_PATH=${CMAKE_PREFIX_PATH}:/opt/ros/humble /usr/bin/cmake /home/sofia/sextoSem/robotica_inteligente/humanoides/disney/src/urdf_description -DAMENT_CMAKE_SYMLINK_INSTALL=1 -DCMAKE_INSTALL_PREFIX=/home/sofia/sextoSem/robotica_inteligente/humanoides/disney/install/urdf_description
[0.284s] -- The C compiler identification is GNU 11.4.0
[1.005s] -- The CXX compiler identification is GNU 11.4.0
[1.436s] -- Detecting C compiler ABI info
[1.612s] -- Detecting C compiler ABI info - done
[1.619s] -- Check for working C compiler: /usr/bin/cc - skipped
[1.620s] -- Detecting C compile features
[1.621s] -- Detecting C compile features - done
[1.625s] -- Detecting CXX compiler ABI info
[1.805s] -- Detecting CXX compiler ABI info - done
[1.812s] -- Check for working CXX compiler: /usr/bin/c++ - skipped
[1.812s] -- Detecting CXX compile features
[1.813s] -- Detecting CXX compile features - done
[1.824s] -- Found ament_cmake: 1.3.11 (/opt/ros/humble/share/ament_cmake/cmake)
[1.949s] -- Found Python3: /usr/bin/python3 (found version "3.10.12") found components: Interpreter 
[2.011s] -- Override CMake install command with custom implementation using symlinks instead of copying resources
[2.046s] -- Found ament_lint_auto: 0.12.12 (/opt/ros/humble/share/ament_lint_auto/cmake)
[2.137s] -- Added test 'cppcheck' to perform static code analysis on C / C++ code
[2.138s] -- Configured cppcheck include dirs: 
[2.138s] -- Configured cppcheck exclude dirs and/or files: 
[2.140s] -- Added test 'flake8' to check Python code syntax and style conventions
[2.144s] -- Added test 'lint_cmake' to check CMake code style
[2.147s] -- Added test 'pep257' to check Python code against some of the docstring style conventions in PEP 257
[2.159s] -- Added test 'uncrustify' to check C / C++ code style
[2.159s] -- Configured uncrustify additional arguments: 
[2.162s] -- Added test 'xmllint' to check XML markup files
[2.168s] -- Found rclcpp: 16.0.12 (/opt/ros/humble/share/rclcpp/cmake)
[2.381s] -- Found rosidl_generator_c: 3.1.6 (/opt/ros/humble/share/rosidl_generator_c/cmake)
[2.386s] -- Found rosidl_adapter: 3.1.6 (/opt/ros/humble/share/rosidl_adapter/cmake)
[2.397s] -- Found rosidl_generator_cpp: 3.1.6 (/opt/ros/humble/share/rosidl_generator_cpp/cmake)
[2.414s] -- Using all available rosidl_typesupport_c: rosidl_typesupport_fastrtps_c;rosidl_typesupport_introspection_c
[2.434s] -- Using all available rosidl_typesupport_cpp: rosidl_typesupport_fastrtps_cpp;rosidl_typesupport_introspection_cpp
[2.487s] -- Found rmw_implementation_cmake: 6.1.2 (/opt/ros/humble/share/rmw_implementation_cmake/cmake)
[2.490s] -- Found rmw_fastrtps_cpp: 6.2.7 (/opt/ros/humble/share/rmw_fastrtps_cpp/cmake)
[4.055s] -- Found OpenSSL: /usr/lib/x86_64-linux-gnu/libcrypto.so (found version "3.0.2")  
[5.619s] -- Found FastRTPS: /opt/ros/humble/include  
[8.309s] -- Using RMW implementation 'rmw_fastrtps_cpp' as default
[8.322s] -- Looking for pthread.h
[8.501s] -- Looking for pthread.h - found
[8.501s] -- Performing Test CMAKE_HAVE_LIBC_PTHREAD
[8.670s] -- Performing Test CMAKE_HAVE_LIBC_PTHREAD - Success
[8.671s] -- Found Threads: TRUE  
[8.738s] -- Found trajectory_msgs: 4.8.0 (/opt/ros/humble/share/trajectory_msgs/cmake)
[8.776s] -- Configuring done
[8.782s] -- Generating done
[8.786s] -- Build files have been written to: /home/sofia/sextoSem/robotica_inteligente/humanoides/disney/build/urdf_description
[8.797s] Invoked command in '/home/sofia/sextoSem/robotica_inteligente/humanoides/disney/build/urdf_description' returned '0': CMAKE_PREFIX_PATH=${CMAKE_PREFIX_PATH}:/opt/ros/humble /usr/bin/cmake /home/sofia/sextoSem/robotica_inteligente/humanoides/disney/src/urdf_description -DAMENT_CMAKE_SYMLINK_INSTALL=1 -DCMAKE_INSTALL_PREFIX=/home/sofia/sextoSem/robotica_inteligente/humanoides/disney/install/urdf_description
[8.800s] Invoking command in '/home/sofia/sextoSem/robotica_inteligente/humanoides/disney/build/urdf_description': CMAKE_PREFIX_PATH=${CMAKE_PREFIX_PATH}:/opt/ros/humble /usr/bin/cmake --build /home/sofia/sextoSem/robotica_inteligente/humanoides/disney/build/urdf_description -- -j12 -l12
[8.838s] Invoked command in '/home/sofia/sextoSem/robotica_inteligente/humanoides/disney/build/urdf_description' returned '0': CMAKE_PREFIX_PATH=${CMAKE_PREFIX_PATH}:/opt/ros/humble /usr/bin/cmake --build /home/sofia/sextoSem/robotica_inteligente/humanoides/disney/build/urdf_description -- -j12 -l12
[8.848s] Invoking command in '/home/sofia/sextoSem/robotica_inteligente/humanoides/disney/build/urdf_description': CMAKE_PREFIX_PATH=${CMAKE_PREFIX_PATH}:/opt/ros/humble /usr/bin/cmake --install /home/sofia/sextoSem/robotica_inteligente/humanoides/disney/build/urdf_description
[8.853s] -- Install configuration: ""
[8.854s] -- Execute custom install script
[8.855s] -- Symlinking: /home/sofia/sextoSem/robotica_inteligente/humanoides/disney/install/urdf_description/share/ament_index/resource_index/package_run_dependencies/urdf_description
[8.862s] -- Symlinking: /home/sofia/sextoSem/robotica_inteligente/humanoides/disney/install/urdf_description/share/ament_index/resource_index/parent_prefix_path/urdf_description
[8.870s] -- Symlinking: /home/sofia/sextoSem/robotica_inteligente/humanoides/disney/install/urdf_description/share/urdf_description/environment/ament_prefix_path.sh
[8.877s] -- Symlinking: /home/sofia/sextoSem/robotica_inteligente/humanoides/disney/install/urdf_description/share/urdf_description/environment/ament_prefix_path.dsv
[8.884s] -- Symlinking: /home/sofia/sextoSem/robotica_inteligente/humanoides/disney/install/urdf_description/share/urdf_description/environment/path.sh
[8.891s] -- Symlinking: /home/sofia/sextoSem/robotica_inteligente/humanoides/disney/install/urdf_description/share/urdf_description/environment/path.dsv
[8.898s] -- Symlinking: /home/sofia/sextoSem/robotica_inteligente/humanoides/disney/install/urdf_description/share/urdf_description/local_setup.bash
[8.905s] -- Symlinking: /home/sofia/sextoSem/robotica_inteligente/humanoides/disney/install/urdf_description/share/urdf_description/local_setup.sh
[8.911s] -- Symlinking: /home/sofia/sextoSem/robotica_inteligente/humanoides/disney/install/urdf_description/share/urdf_description/local_setup.zsh
[8.918s] -- Symlinking: /home/sofia/sextoSem/robotica_inteligente/humanoides/disney/install/urdf_description/share/urdf_description/local_setup.dsv
[8.924s] -- Symlinking: /home/sofia/sextoSem/robotica_inteligente/humanoides/disney/install/urdf_description/share/urdf_description/package.dsv
[8.931s] -- Symlinking: /home/sofia/sextoSem/robotica_inteligente/humanoides/disney/install/urdf_description/share/ament_index/resource_index/packages/urdf_description
[8.938s] -- Symlinking: /home/sofia/sextoSem/robotica_inteligente/humanoides/disney/install/urdf_description/share/urdf_description/cmake/urdf_descriptionConfig.cmake
[8.945s] -- Symlinking: /home/sofia/sextoSem/robotica_inteligente/humanoides/disney/install/urdf_description/share/urdf_description/cmake/urdf_descriptionConfig-version.cmake
[8.952s] -- Symlinking: /home/sofia/sextoSem/robotica_inteligente/humanoides/disney/install/urdf_description/share/urdf_description/package.xml
[8.959s] -- Symlinking: /home/sofia/sextoSem/robotica_inteligente/humanoides/disney/install/urdf_description/share/urdf_description/launch/display.launch.py
[8.967s] -- Symlinking: /home/sofia/sextoSem/robotica_inteligente/humanoides/disney/install/urdf_description/share/urdf_description/launch/gazebo.launch.py
[8.973s] -- Symlinking: /home/sofia/sextoSem/robotica_inteligente/humanoides/disney/install/urdf_description/share/urdf_description/launch/main.launch.py
[8.981s] -- Symlinking: /home/sofia/sextoSem/robotica_inteligente/humanoides/disney/install/urdf_description/share/urdf_description/meshes/ear_left.stl
[8.988s] -- Symlinking: /home/sofia/sextoSem/robotica_inteligente/humanoides/disney/install/urdf_description/share/urdf_description/meshes/ear_right.stl
[8.995s] -- Symlinking: /home/sofia/sextoSem/robotica_inteligente/humanoides/disney/install/urdf_description/share/urdf_description/meshes/head_body_pitch.stl
[9.002s] -- Symlinking: /home/sofia/sextoSem/robotica_inteligente/humanoides/disney/install/urdf_description/share/urdf_description/meshes/head_body_roll.stl
[9.010s] -- Symlinking: /home/sofia/sextoSem/robotica_inteligente/humanoides/disney/install/urdf_description/share/urdf_description/meshes/head_body_yaw.stl
[9.017s] -- Symlinking: /home/sofia/sextoSem/robotica_inteligente/humanoides/disney/install/urdf_description/share/urdf_description/meshes/left_foot.stl
[9.024s] -- Symlinking: /home/sofia/sextoSem/robotica_inteligente/humanoides/disney/install/urdf_description/share/urdf_description/meshes/left_hip.stl
[9.031s] -- Symlinking: /home/sofia/sextoSem/robotica_inteligente/humanoides/disney/install/urdf_description/share/urdf_description/meshes/left_hip_rotation.stl
[9.038s] -- Symlinking: /home/sofia/sextoSem/robotica_inteligente/humanoides/disney/install/urdf_description/share/urdf_description/meshes/left_shin.stl
[9.046s] -- Symlinking: /home/sofia/sextoSem/robotica_inteligente/humanoides/disney/install/urdf_description/share/urdf_description/meshes/left_thigh.stl
[9.053s] -- Symlinking: /home/sofia/sextoSem/robotica_inteligente/humanoides/disney/install/urdf_description/share/urdf_description/meshes/neck.stl
[9.059s] -- Symlinking: /home/sofia/sextoSem/robotica_inteligente/humanoides/disney/install/urdf_description/share/urdf_description/meshes/pelvis.stl
[9.066s] -- Symlinking: /home/sofia/sextoSem/robotica_inteligente/humanoides/disney/install/urdf_description/share/urdf_description/meshes/right_foot.stl
[9.072s] -- Symlinking: /home/sofia/sextoSem/robotica_inteligente/humanoides/disney/install/urdf_description/share/urdf_description/meshes/right_hip.stl
[9.079s] -- Symlinking: /home/sofia/sextoSem/robotica_inteligente/humanoides/disney/install/urdf_description/share/urdf_description/meshes/right_hip_rotation.stl
[9.085s] -- Symlinking: /home/sofia/sextoSem/robotica_inteligente/humanoides/disney/install/urdf_description/share/urdf_description/meshes/right_shin.stl
[9.093s] -- Symlinking: /home/sofia/sextoSem/robotica_inteligente/humanoides/disney/install/urdf_description/share/urdf_description/meshes/right_thigh.stl
[9.100s] -- Symlinking: /home/sofia/sextoSem/robotica_inteligente/humanoides/disney/install/urdf_description/share/urdf_description/urdf/go_bdx.urdf.xacro
[9.107s] -- Symlinking: /home/sofia/sextoSem/robotica_inteligente/humanoides/disney/install/urdf_description/share/urdf_description/config/controllers.yaml
[9.116s] Invoked command in '/home/sofia/sextoSem/robotica_inteligente/humanoides/disney/build/urdf_description' returned '0': CMAKE_PREFIX_PATH=${CMAKE_PREFIX_PATH}:/opt/ros/humble /usr/bin/cmake --install /home/sofia/sextoSem/robotica_inteligente/humanoides/disney/build/urdf_description
