running egg_info
creating ../../build/marker/marker.egg-info
writing ../../build/marker/marker.egg-info/PKG-INFO
writing dependency_links to ../../build/marker/marker.egg-info/dependency_links.txt
writing entry points to ../../build/marker/marker.egg-info/entry_points.txt
writing requirements to ../../build/marker/marker.egg-info/requires.txt
writing top-level names to ../../build/marker/marker.egg-info/top_level.txt
writing manifest file '../../build/marker/marker.egg-info/SOURCES.txt'
reading manifest file '../../build/marker/marker.egg-info/SOURCES.txt'
writing manifest file '../../build/marker/marker.egg-info/SOURCES.txt'
running build
running build_py
creating /home/sofia/sextoSem/robotica_inteligente/humanoides/disney/build/marker/build
creating /home/sofia/sextoSem/robotica_inteligente/humanoides/disney/build/marker/build/lib
creating /home/sofia/sextoSem/robotica_inteligente/humanoides/disney/build/marker/build/lib/marker
copying marker/__init__.py -> /home/sofia/sextoSem/robotica_inteligente/humanoides/disney/build/marker/build/lib/marker
running install
running install_lib
creating /home/sofia/sextoSem/robotica_inteligente/humanoides/disney/install/marker/lib/python3.10/site-packages/marker
copying /home/sofia/sextoSem/robotica_inteligente/humanoides/disney/build/marker/build/lib/marker/__init__.py -> /home/sofia/sextoSem/robotica_inteligente/humanoides/disney/install/marker/lib/python3.10/site-packages/marker
byte-compiling /home/sofia/sextoSem/robotica_inteligente/humanoides/disney/install/marker/lib/python3.10/site-packages/marker/__init__.py to __init__.cpython-310.pyc
running install_data
creating /home/sofia/sextoSem/robotica_inteligente/humanoides/disney/install/marker/share/ament_index
creating /home/sofia/sextoSem/robotica_inteligente/humanoides/disney/install/marker/share/ament_index/resource_index
creating /home/sofia/sextoSem/robotica_inteligente/humanoides/disney/install/marker/share/ament_index/resource_index/packages
copying resource/marker -> /home/sofia/sextoSem/robotica_inteligente/humanoides/disney/install/marker/share/ament_index/resource_index/packages
copying package.xml -> /home/sofia/sextoSem/robotica_inteligente/humanoides/disney/install/marker/share/marker
running install_egg_info
Copying ../../build/marker/marker.egg-info to /home/sofia/sextoSem/robotica_inteligente/humanoides/disney/install/marker/lib/python3.10/site-packages/marker-0.0.0-py3.10.egg-info
running install_scripts
Installing marker_node script to /home/sofia/sextoSem/robotica_inteligente/humanoides/disney/install/marker/lib/marker
writing list of installed files to '/home/sofia/sextoSem/robotica_inteligente/humanoides/disney/build/marker/install.log'
