[0.968s] Invoking command in '/home/sofia/sextoSem/robotica_inteligente/humanoides/disney/src/marker': PYTHONPATH=/home/sofia/sextoSem/robotica_inteligente/humanoides/disney/build/marker/prefix_override:/usr/lib/python3/dist-packages/colcon_core/task/python/colcon_distutils_commands:/home/sofia/sextoSem/robotica_inteligente/humanoides/disney/install/marker/lib/python3.10/site-packages:${PYTHONPATH} /usr/bin/python3 -W ignore:setup.py install is deprecated -W ignore:easy_install command is deprecated setup.py egg_info --egg-base ../../build/marker build --build-base /home/sofia/sextoSem/robotica_inteligente/humanoides/disney/build/marker/build install --record /home/sofia/sextoSem/robotica_inteligente/humanoides/disney/build/marker/install.log --single-version-externally-managed install_data
[1.120s] running egg_info
[1.120s] creating ../../build/marker/marker.egg-info
[1.121s] writing ../../build/marker/marker.egg-info/PKG-INFO
[1.121s] writing dependency_links to ../../build/marker/marker.egg-info/dependency_links.txt
[1.121s] writing entry points to ../../build/marker/marker.egg-info/entry_points.txt
[1.122s] writing requirements to ../../build/marker/marker.egg-info/requires.txt
[1.122s] writing top-level names to ../../build/marker/marker.egg-info/top_level.txt
[1.122s] writing manifest file '../../build/marker/marker.egg-info/SOURCES.txt'
[1.126s] reading manifest file '../../build/marker/marker.egg-info/SOURCES.txt'
[1.127s] writing manifest file '../../build/marker/marker.egg-info/SOURCES.txt'
[1.128s] running build
[1.128s] running build_py
[1.128s] creating /home/sofia/sextoSem/robotica_inteligente/humanoides/disney/build/marker/build
[1.128s] creating /home/sofia/sextoSem/robotica_inteligente/humanoides/disney/build/marker/build/lib
[1.129s] creating /home/sofia/sextoSem/robotica_inteligente/humanoides/disney/build/marker/build/lib/marker
[1.130s] copying marker/__init__.py -> /home/sofia/sextoSem/robotica_inteligente/humanoides/disney/build/marker/build/lib/marker
[1.130s] running install
[1.131s] running install_lib
[1.132s] creating /home/sofia/sextoSem/robotica_inteligente/humanoides/disney/install/marker/lib/python3.10/site-packages/marker
[1.132s] copying /home/sofia/sextoSem/robotica_inteligente/humanoides/disney/build/marker/build/lib/marker/__init__.py -> /home/sofia/sextoSem/robotica_inteligente/humanoides/disney/install/marker/lib/python3.10/site-packages/marker
[1.133s] byte-compiling /home/sofia/sextoSem/robotica_inteligente/humanoides/disney/install/marker/lib/python3.10/site-packages/marker/__init__.py to __init__.cpython-310.pyc
[1.134s] running install_data
[1.134s] creating /home/sofia/sextoSem/robotica_inteligente/humanoides/disney/install/marker/share/ament_index
[1.134s] creating /home/sofia/sextoSem/robotica_inteligente/humanoides/disney/install/marker/share/ament_index/resource_index
[1.134s] creating /home/sofia/sextoSem/robotica_inteligente/humanoides/disney/install/marker/share/ament_index/resource_index/packages
[1.134s] copying resource/marker -> /home/sofia/sextoSem/robotica_inteligente/humanoides/disney/install/marker/share/ament_index/resource_index/packages
[1.135s] copying package.xml -> /home/sofia/sextoSem/robotica_inteligente/humanoides/disney/install/marker/share/marker
[1.135s] running install_egg_info
[1.138s] Copying ../../build/marker/marker.egg-info to /home/sofia/sextoSem/robotica_inteligente/humanoides/disney/install/marker/lib/python3.10/site-packages/marker-0.0.0-py3.10.egg-info
[1.140s] running install_scripts
[1.156s] Installing marker_node script to /home/sofia/sextoSem/robotica_inteligente/humanoides/disney/install/marker/lib/marker
[1.156s] writing list of installed files to '/home/sofia/sextoSem/robotica_inteligente/humanoides/disney/build/marker/install.log'
[1.176s] Invoked command in '/home/sofia/sextoSem/robotica_inteligente/humanoides/disney/src/marker' returned '0': PYTHONPATH=/home/sofia/sextoSem/robotica_inteligente/humanoides/disney/build/marker/prefix_override:/usr/lib/python3/dist-packages/colcon_core/task/python/colcon_distutils_commands:/home/sofia/sextoSem/robotica_inteligente/humanoides/disney/install/marker/lib/python3.10/site-packages:${PYTHONPATH} /usr/bin/python3 -W ignore:setup.py install is deprecated -W ignore:easy_install command is deprecated setup.py egg_info --egg-base ../../build/marker build --build-base /home/sofia/sextoSem/robotica_inteligente/humanoides/disney/build/marker/build install --record /home/sofia/sextoSem/robotica_inteligente/humanoides/disney/build/marker/install.log --single-version-externally-managed install_data
