-- Found ament_cmake: 1.3.11 (/opt/ros/humble/share/ament_cmake/cmake)
-- Found ament_lint_auto: 0.12.12 (/opt/ros/humble/share/ament_lint_auto/cmake)
-- Added test 'cppcheck' to perform static code analysis on C / C++ code
-- Configured cppcheck include dirs: 
-- Configured cppcheck exclude dirs and/or files: 
-- Added test 'flake8' to check Python code syntax and style conventions
-- Added test 'lint_cmake' to check CMake code style
-- Added test 'pep257' to check Python code against some of the docstring style conventions in PEP 257
-- Added test 'uncrustify' to check C / C++ code style
-- Configured uncrustify additional arguments: 
-- Added test 'xmllint' to check XML markup files
-- Configuring done
-- Generating done
-- Build files have been written to: /home/sofia/sextoSem/robotica_inteligente/humanoides/disney/build/urdf_description
-- Install configuration: ""
-- Up-to-date: /home/sofia/sextoSem/robotica_inteligente/humanoides/disney/install/urdf_description/share/ament_index/resource_index/package_run_dependencies/urdf_description
-- Installing: /home/sofia/sextoSem/robotica_inteligente/humanoides/disney/install/urdf_description/share/ament_index/resource_index/parent_prefix_path/urdf_description
-- Up-to-date: /home/sofia/sextoSem/robotica_inteligente/humanoides/disney/install/urdf_description/share/urdf_description/environment/ament_prefix_path.sh
-- Installing: /home/sofia/sextoSem/robotica_inteligente/humanoides/disney/install/urdf_description/share/urdf_description/environment/ament_prefix_path.dsv
-- Up-to-date: /home/sofia/sextoSem/robotica_inteligente/humanoides/disney/install/urdf_description/share/urdf_description/environment/path.sh
-- Installing: /home/sofia/sextoSem/robotica_inteligente/humanoides/disney/install/urdf_description/share/urdf_description/environment/path.dsv
-- Up-to-date: /home/sofia/sextoSem/robotica_inteligente/humanoides/disney/install/urdf_description/share/urdf_description/local_setup.bash
-- Up-to-date: /home/sofia/sextoSem/robotica_inteligente/humanoides/disney/install/urdf_description/share/urdf_description/local_setup.sh
-- Up-to-date: /home/sofia/sextoSem/robotica_inteligente/humanoides/disney/install/urdf_description/share/urdf_description/local_setup.zsh
-- Installing: /home/sofia/sextoSem/robotica_inteligente/humanoides/disney/install/urdf_description/share/urdf_description/local_setup.dsv
-- Installing: /home/sofia/sextoSem/robotica_inteligente/humanoides/disney/install/urdf_description/share/urdf_description/package.dsv
-- Up-to-date: /home/sofia/sextoSem/robotica_inteligente/humanoides/disney/install/urdf_description/share/ament_index/resource_index/packages/urdf_description
-- Up-to-date: /home/sofia/sextoSem/robotica_inteligente/humanoides/disney/install/urdf_description/share/urdf_description/cmake/urdf_descriptionConfig.cmake
-- Up-to-date: /home/sofia/sextoSem/robotica_inteligente/humanoides/disney/install/urdf_description/share/urdf_description/cmake/urdf_descriptionConfig-version.cmake
-- Up-to-date: /home/sofia/sextoSem/robotica_inteligente/humanoides/disney/install/urdf_description/share/urdf_description/package.xml
-- Installing: /home/sofia/sextoSem/robotica_inteligente/humanoides/disney/install/urdf_description/share/urdf_description/launch/launch
-- Installing: /home/sofia/sextoSem/robotica_inteligente/humanoides/disney/install/urdf_description/share/urdf_description/launch/launch/display.launch.py
-- Installing: /home/sofia/sextoSem/robotica_inteligente/humanoides/disney/install/urdf_description/share/urdf_description/urdf/urdf
-- Installing: /home/sofia/sextoSem/robotica_inteligente/humanoides/disney/install/urdf_description/share/urdf_description/urdf/urdf/go_bdx.urdf
-- Installing: /home/sofia/sextoSem/robotica_inteligente/humanoides/disney/install/urdf_description/share/urdf_description/meshes/meshes
-- Installing: /home/sofia/sextoSem/robotica_inteligente/humanoides/disney/install/urdf_description/share/urdf_description/meshes/meshes/ear_right.stl
-- Installing: /home/sofia/sextoSem/robotica_inteligente/humanoides/disney/install/urdf_description/share/urdf_description/meshes/meshes/ear_left.stl
-- Installing: /home/sofia/sextoSem/robotica_inteligente/humanoides/disney/install/urdf_description/share/urdf_description/meshes/meshes/left_foot.stl
-- Installing: /home/sofia/sextoSem/robotica_inteligente/humanoides/disney/install/urdf_description/share/urdf_description/meshes/meshes/right_foot.stl
-- Installing: /home/sofia/sextoSem/robotica_inteligente/humanoides/disney/install/urdf_description/share/urdf_description/meshes/meshes/right_hip.stl
-- Installing: /home/sofia/sextoSem/robotica_inteligente/humanoides/disney/install/urdf_description/share/urdf_description/meshes/meshes/pelvis.stl
-- Installing: /home/sofia/sextoSem/robotica_inteligente/humanoides/disney/install/urdf_description/share/urdf_description/meshes/meshes/left_thigh.stl
-- Installing: /home/sofia/sextoSem/robotica_inteligente/humanoides/disney/install/urdf_description/share/urdf_description/meshes/meshes/left_shin.stl
-- Installing: /home/sofia/sextoSem/robotica_inteligente/humanoides/disney/install/urdf_description/share/urdf_description/meshes/meshes/head_body_pitch.stl
-- Installing: /home/sofia/sextoSem/robotica_inteligente/humanoides/disney/install/urdf_description/share/urdf_description/meshes/meshes/right_shin.stl
-- Installing: /home/sofia/sextoSem/robotica_inteligente/humanoides/disney/install/urdf_description/share/urdf_description/meshes/meshes/neck.stl
-- Installing: /home/sofia/sextoSem/robotica_inteligente/humanoides/disney/install/urdf_description/share/urdf_description/meshes/meshes/left_hip.stl
-- Installing: /home/sofia/sextoSem/robotica_inteligente/humanoides/disney/install/urdf_description/share/urdf_description/meshes/meshes/head_body_yaw.stl
-- Installing: /home/sofia/sextoSem/robotica_inteligente/humanoides/disney/install/urdf_description/share/urdf_description/meshes/meshes/left_hip_rotation.stl
-- Installing: /home/sofia/sextoSem/robotica_inteligente/humanoides/disney/install/urdf_description/share/urdf_description/meshes/meshes/right_hip_rotation.stl
-- Installing: /home/sofia/sextoSem/robotica_inteligente/humanoides/disney/install/urdf_description/share/urdf_description/meshes/meshes/head_body_roll.stl
-- Installing: /home/sofia/sextoSem/robotica_inteligente/humanoides/disney/install/urdf_description/share/urdf_description/meshes/meshes/right_thigh.stl
