[0.014s] Invoking command in '/home/sofia/sextoSem/robotica_inteligente/humanoides/disney/src/urdf_description/build/urdf_description': CMAKE_PREFIX_PATH=/opt/ros/humble /usr/bin/cmake --build /home/sofia/sextoSem/robotica_inteligente/humanoides/disney/src/urdf_description/build/urdf_description -- -j12 -l12
[0.035s] -- Found ament_cmake: 1.3.11 (/opt/ros/humble/share/ament_cmake/cmake)
[0.137s] -- Found ament_lint_auto: 0.12.12 (/opt/ros/humble/share/ament_lint_auto/cmake)
[0.207s] -- Added test 'cppcheck' to perform static code analysis on C / C++ code
[0.207s] -- Configured cppcheck include dirs: 
[0.207s] -- Configured cppcheck exclude dirs and/or files: 
[0.208s] -- Added test 'flake8' to check Python code syntax and style conventions
[0.211s] -- Added test 'lint_cmake' to check CMake code style
[0.212s] -- Added test 'pep257' to check Python code against some of the docstring style conventions in PEP 257
[0.220s] -- Added test 'uncrustify' to check C / C++ code style
[0.220s] -- Configured uncrustify additional arguments: 
[0.221s] -- Added test 'xmllint' to check XML markup files
[0.225s] -- Configuring done
[0.234s] -- Generating done
[0.236s] -- Build files have been written to: /home/sofia/sextoSem/robotica_inteligente/humanoides/disney/src/urdf_description/build/urdf_description
[0.251s] Invoked command in '/home/sofia/sextoSem/robotica_inteligente/humanoides/disney/src/urdf_description/build/urdf_description' returned '0': CMAKE_PREFIX_PATH=/opt/ros/humble /usr/bin/cmake --build /home/sofia/sextoSem/robotica_inteligente/humanoides/disney/src/urdf_description/build/urdf_description -- -j12 -l12
[0.258s] Invoking command in '/home/sofia/sextoSem/robotica_inteligente/humanoides/disney/src/urdf_description/build/urdf_description': CMAKE_PREFIX_PATH=/opt/ros/humble /usr/bin/cmake --install /home/sofia/sextoSem/robotica_inteligente/humanoides/disney/src/urdf_description/build/urdf_description
[0.263s] -- Install configuration: ""
[0.263s] -- Up-to-date: /home/sofia/sextoSem/robotica_inteligente/humanoides/disney/src/urdf_description/install/urdf_description/share/ament_index/resource_index/package_run_dependencies/urdf_description
[0.263s] -- Installing: /home/sofia/sextoSem/robotica_inteligente/humanoides/disney/src/urdf_description/install/urdf_description/share/ament_index/resource_index/parent_prefix_path/urdf_description
[0.263s] -- Up-to-date: /home/sofia/sextoSem/robotica_inteligente/humanoides/disney/src/urdf_description/install/urdf_description/share/urdf_description/environment/ament_prefix_path.sh
[0.263s] -- Installing: /home/sofia/sextoSem/robotica_inteligente/humanoides/disney/src/urdf_description/install/urdf_description/share/urdf_description/environment/ament_prefix_path.dsv
[0.264s] -- Up-to-date: /home/sofia/sextoSem/robotica_inteligente/humanoides/disney/src/urdf_description/install/urdf_description/share/urdf_description/environment/path.sh
[0.264s] -- Installing: /home/sofia/sextoSem/robotica_inteligente/humanoides/disney/src/urdf_description/install/urdf_description/share/urdf_description/environment/path.dsv
[0.264s] -- Up-to-date: /home/sofia/sextoSem/robotica_inteligente/humanoides/disney/src/urdf_description/install/urdf_description/share/urdf_description/local_setup.bash
[0.264s] -- Up-to-date: /home/sofia/sextoSem/robotica_inteligente/humanoides/disney/src/urdf_description/install/urdf_description/share/urdf_description/local_setup.sh
[0.264s] -- Up-to-date: /home/sofia/sextoSem/robotica_inteligente/humanoides/disney/src/urdf_description/install/urdf_description/share/urdf_description/local_setup.zsh
[0.264s] -- Installing: /home/sofia/sextoSem/robotica_inteligente/humanoides/disney/src/urdf_description/install/urdf_description/share/urdf_description/local_setup.dsv
[0.264s] -- Installing: /home/sofia/sextoSem/robotica_inteligente/humanoides/disney/src/urdf_description/install/urdf_description/share/urdf_description/package.dsv
[0.265s] -- Up-to-date: /home/sofia/sextoSem/robotica_inteligente/humanoides/disney/src/urdf_description/install/urdf_description/share/ament_index/resource_index/packages/urdf_description
[0.265s] -- Up-to-date: /home/sofia/sextoSem/robotica_inteligente/humanoides/disney/src/urdf_description/install/urdf_description/share/urdf_description/cmake/urdf_descriptionConfig.cmake
[0.265s] -- Up-to-date: /home/sofia/sextoSem/robotica_inteligente/humanoides/disney/src/urdf_description/install/urdf_description/share/urdf_description/cmake/urdf_descriptionConfig-version.cmake
[0.265s] -- Up-to-date: /home/sofia/sextoSem/robotica_inteligente/humanoides/disney/src/urdf_description/install/urdf_description/share/urdf_description/package.xml
[0.265s] -- Up-to-date: /home/sofia/sextoSem/robotica_inteligente/humanoides/disney/src/urdf_description/install/urdf_description/share/urdf_description/launch
[0.265s] -- Up-to-date: /home/sofia/sextoSem/robotica_inteligente/humanoides/disney/src/urdf_description/install/urdf_description/share/urdf_description/launch/display.launch.py
[0.266s] -- Installing: /home/sofia/sextoSem/robotica_inteligente/humanoides/disney/src/urdf_description/install/urdf_description/share/urdf_description/launch/gazebo.launch.py
[0.267s] -- Up-to-date: /home/sofia/sextoSem/robotica_inteligente/humanoides/disney/src/urdf_description/install/urdf_description/share/urdf_description/meshes
[0.267s] -- Up-to-date: /home/sofia/sextoSem/robotica_inteligente/humanoides/disney/src/urdf_description/install/urdf_description/share/urdf_description/meshes/ear_right.stl
[0.267s] -- Up-to-date: /home/sofia/sextoSem/robotica_inteligente/humanoides/disney/src/urdf_description/install/urdf_description/share/urdf_description/meshes/ear_left.stl
[0.267s] -- Up-to-date: /home/sofia/sextoSem/robotica_inteligente/humanoides/disney/src/urdf_description/install/urdf_description/share/urdf_description/meshes/left_foot.stl
[0.267s] -- Up-to-date: /home/sofia/sextoSem/robotica_inteligente/humanoides/disney/src/urdf_description/install/urdf_description/share/urdf_description/meshes/right_foot.stl
[0.267s] -- Up-to-date: /home/sofia/sextoSem/robotica_inteligente/humanoides/disney/src/urdf_description/install/urdf_description/share/urdf_description/meshes/right_hip.stl
[0.267s] -- Up-to-date: /home/sofia/sextoSem/robotica_inteligente/humanoides/disney/src/urdf_description/install/urdf_description/share/urdf_description/meshes/pelvis.stl
[0.267s] -- Up-to-date: /home/sofia/sextoSem/robotica_inteligente/humanoides/disney/src/urdf_description/install/urdf_description/share/urdf_description/meshes/left_thigh.stl
[0.267s] -- Up-to-date: /home/sofia/sextoSem/robotica_inteligente/humanoides/disney/src/urdf_description/install/urdf_description/share/urdf_description/meshes/left_shin.stl
[0.268s] -- Up-to-date: /home/sofia/sextoSem/robotica_inteligente/humanoides/disney/src/urdf_description/install/urdf_description/share/urdf_description/meshes/head_body_pitch.stl
[0.268s] -- Up-to-date: /home/sofia/sextoSem/robotica_inteligente/humanoides/disney/src/urdf_description/install/urdf_description/share/urdf_description/meshes/right_shin.stl
[0.268s] -- Up-to-date: /home/sofia/sextoSem/robotica_inteligente/humanoides/disney/src/urdf_description/install/urdf_description/share/urdf_description/meshes/neck.stl
[0.268s] -- Up-to-date: /home/sofia/sextoSem/robotica_inteligente/humanoides/disney/src/urdf_description/install/urdf_description/share/urdf_description/meshes/left_hip.stl
[0.268s] -- Up-to-date: /home/sofia/sextoSem/robotica_inteligente/humanoides/disney/src/urdf_description/install/urdf_description/share/urdf_description/meshes/head_body_yaw.stl
[0.268s] -- Up-to-date: /home/sofia/sextoSem/robotica_inteligente/humanoides/disney/src/urdf_description/install/urdf_description/share/urdf_description/meshes/left_hip_rotation.stl
[0.268s] -- Up-to-date: /home/sofia/sextoSem/robotica_inteligente/humanoides/disney/src/urdf_description/install/urdf_description/share/urdf_description/meshes/right_hip_rotation.stl
[0.268s] -- Up-to-date: /home/sofia/sextoSem/robotica_inteligente/humanoides/disney/src/urdf_description/install/urdf_description/share/urdf_description/meshes/head_body_roll.stl
[0.268s] -- Up-to-date: /home/sofia/sextoSem/robotica_inteligente/humanoides/disney/src/urdf_description/install/urdf_description/share/urdf_description/meshes/right_thigh.stl
[0.268s] -- Up-to-date: /home/sofia/sextoSem/robotica_inteligente/humanoides/disney/src/urdf_description/install/urdf_description/share/urdf_description/urdf
[0.268s] -- Installing: /home/sofia/sextoSem/robotica_inteligente/humanoides/disney/src/urdf_description/install/urdf_description/share/urdf_description/urdf/go_bdx.urdf
[0.270s] Invoked command in '/home/sofia/sextoSem/robotica_inteligente/humanoides/disney/src/urdf_description/build/urdf_description' returned '0': CMAKE_PREFIX_PATH=/opt/ros/humble /usr/bin/cmake --install /home/sofia/sextoSem/robotica_inteligente/humanoides/disney/src/urdf_description/build/urdf_description
