[0.407s] Invoking command in '/home/sofia/sextoSem/robotica_inteligente/humanoides/disney/src/marker': PYTHONPATH=/home/sofia/sextoSem/robotica_inteligente/humanoides/disney/build/marker/prefix_override:/usr/lib/python3/dist-packages/colcon_core/task/python/colcon_distutils_commands:/home/sofia/sextoSem/robotica_inteligente/humanoides/disney/install/marker/lib/python3.10/site-packages:${PYTHONPATH} /usr/bin/python3 -W ignore:setup.py install is deprecated -W ignore:easy_install command is deprecated setup.py egg_info --egg-base ../../build/marker build --build-base /home/sofia/sextoSem/robotica_inteligente/humanoides/disney/build/marker/build install --record /home/sofia/sextoSem/robotica_inteligente/humanoides/disney/build/marker/install.log --single-version-externally-managed install_data
[0.545s] running egg_info
[0.545s] writing ../../build/marker/marker.egg-info/PKG-INFO
[0.546s] writing dependency_links to ../../build/marker/marker.egg-info/dependency_links.txt
[0.546s] writing entry points to ../../build/marker/marker.egg-info/entry_points.txt
[0.546s] writing requirements to ../../build/marker/marker.egg-info/requires.txt
[0.546s] writing top-level names to ../../build/marker/marker.egg-info/top_level.txt
[0.547s] reading manifest file '../../build/marker/marker.egg-info/SOURCES.txt'
[0.548s] writing manifest file '../../build/marker/marker.egg-info/SOURCES.txt'
[0.548s] running build
[0.548s] running build_py
[0.548s] copying marker/marker_node.py -> /home/sofia/sextoSem/robotica_inteligente/humanoides/disney/build/marker/build/lib/marker
[0.549s] running install
[0.549s] running install_lib
[0.549s] copying /home/sofia/sextoSem/robotica_inteligente/humanoides/disney/build/marker/build/lib/marker/marker_node.py -> /home/sofia/sextoSem/robotica_inteligente/humanoides/disney/install/marker/lib/python3.10/site-packages/marker
[0.550s] byte-compiling /home/sofia/sextoSem/robotica_inteligente/humanoides/disney/install/marker/lib/python3.10/site-packages/marker/marker_node.py to marker_node.cpython-310.pyc
[0.551s] running install_data
[0.551s] running install_egg_info
[0.552s] removing '/home/sofia/sextoSem/robotica_inteligente/humanoides/disney/install/marker/lib/python3.10/site-packages/marker-0.0.0-py3.10.egg-info' (and everything under it)
[0.553s] Copying ../../build/marker/marker.egg-info to /home/sofia/sextoSem/robotica_inteligente/humanoides/disney/install/marker/lib/python3.10/site-packages/marker-0.0.0-py3.10.egg-info
[0.554s] running install_scripts
[0.569s] Installing marker_node script to /home/sofia/sextoSem/robotica_inteligente/humanoides/disney/install/marker/lib/marker
[0.569s] writing list of installed files to '/home/sofia/sextoSem/robotica_inteligente/humanoides/disney/build/marker/install.log'
[0.591s] Invoked command in '/home/sofia/sextoSem/robotica_inteligente/humanoides/disney/src/marker' returned '0': PYTHONPATH=/home/sofia/sextoSem/robotica_inteligente/humanoides/disney/build/marker/prefix_override:/usr/lib/python3/dist-packages/colcon_core/task/python/colcon_distutils_commands:/home/sofia/sextoSem/robotica_inteligente/humanoides/disney/install/marker/lib/python3.10/site-packages:${PYTHONPATH} /usr/bin/python3 -W ignore:setup.py install is deprecated -W ignore:easy_install command is deprecated setup.py egg_info --egg-base ../../build/marker build --build-base /home/sofia/sextoSem/robotica_inteligente/humanoides/disney/build/marker/build install --record /home/sofia/sextoSem/robotica_inteligente/humanoides/disney/build/marker/install.log --single-version-externally-managed install_data
