[0.211s] DEBUG:colcon:Command line arguments: ['/usr/bin/colcon', 'build', '--packages-select', 'urdf_description', '--symlink-install']
[0.211s] DEBUG:colcon:Parsed command line arguments: Namespace(log_base=None, log_level=None, verb_name='build', build_base='build', install_base='install', merge_install=False, symlink_install=True, test_result_base=None, continue_on_error=False, executor='parallel', parallel_workers=12, event_handlers=None, ignore_user_meta=False, metas=['./colcon.meta'], base_paths=['.'], packages_ignore=None, packages_ignore_regex=None, paths=None, packages_up_to=None, packages_up_to_regex=None, packages_above=None, packages_above_and_dependencies=None, packages_above_depth=None, packages_select_by_dep=None, packages_skip_by_dep=None, packages_skip_up_to=None, packages_select_build_failed=False, packages_skip_build_finished=False, packages_select_test_failures=False, packages_skip_test_passed=False, packages_select=['urdf_description'], packages_skip=None, packages_select_regex=None, packages_skip_regex=None, packages_start=None, packages_end=None, allow_overriding=[], cmake_args=None, cmake_target=None, cmake_target_skip_unavailable=False, cmake_clean_cache=False, cmake_clean_first=False, cmake_force_configure=False, ament_cmake_args=None, catkin_cmake_args=None, catkin_skip_building_tests=False, verb_parser=<colcon_defaults.argument_parser.defaults.DefaultArgumentsDecorator object at 0x7fcba6016260>, verb_extension=<colcon_core.verb.build.BuildVerb object at 0x7fcba6015420>, main=<bound method BuildVerb.main of <colcon_core.verb.build.BuildVerb object at 0x7fcba6015420>>)
[0.372s] Level 1:colcon.colcon_core.package_discovery:discover_packages(colcon_meta) check parameters
[0.372s] Level 1:colcon.colcon_core.package_discovery:discover_packages(recursive) check parameters
[0.372s] Level 1:colcon.colcon_core.package_discovery:discover_packages(ignore) check parameters
[0.372s] Level 1:colcon.colcon_core.package_discovery:discover_packages(path) check parameters
[0.372s] Level 1:colcon.colcon_core.package_discovery:discover_packages(colcon_meta) discover
[0.372s] Level 1:colcon.colcon_core.package_discovery:discover_packages(recursive) discover
[0.372s] INFO:colcon.colcon_core.package_discovery:Crawling recursively for packages in '/home/sofia/sextoSem/robotica_inteligente/humanoides/disney'
[0.372s] Level 1:colcon.colcon_core.package_identification:_identify(.) by extensions ['ignore', 'ignore_ament_install']
[0.372s] Level 1:colcon.colcon_core.package_identification:_identify(.) by extension 'ignore'
[0.372s] Level 1:colcon.colcon_core.package_identification:_identify(.) by extension 'ignore_ament_install'
[0.372s] Level 1:colcon.colcon_core.package_identification:_identify(.) by extensions ['colcon_pkg']
[0.372s] Level 1:colcon.colcon_core.package_identification:_identify(.) by extension 'colcon_pkg'
[0.372s] Level 1:colcon.colcon_core.package_identification:_identify(.) by extensions ['colcon_meta']
[0.372s] Level 1:colcon.colcon_core.package_identification:_identify(.) by extension 'colcon_meta'
[0.372s] Level 1:colcon.colcon_core.package_identification:_identify(.) by extensions ['ros']
[0.372s] Level 1:colcon.colcon_core.package_identification:_identify(.) by extension 'ros'
[0.384s] Level 1:colcon.colcon_core.package_identification:_identify(.) by extensions ['cmake', 'python']
[0.384s] Level 1:colcon.colcon_core.package_identification:_identify(.) by extension 'cmake'
[0.384s] Level 1:colcon.colcon_core.package_identification:_identify(.) by extension 'python'
[0.384s] Level 1:colcon.colcon_core.package_identification:_identify(.) by extensions ['python_setup_py']
[0.384s] Level 1:colcon.colcon_core.package_identification:_identify(.) by extension 'python_setup_py'
[0.384s] Level 1:colcon.colcon_core.package_identification:_identify(build) by extensions ['ignore', 'ignore_ament_install']
[0.384s] Level 1:colcon.colcon_core.package_identification:_identify(build) by extension 'ignore'
[0.384s] Level 1:colcon.colcon_core.package_identification:_identify(build) ignored
[0.384s] Level 1:colcon.colcon_core.package_identification:_identify(imagenes) by extensions ['ignore', 'ignore_ament_install']
[0.384s] Level 1:colcon.colcon_core.package_identification:_identify(imagenes) by extension 'ignore'
[0.384s] Level 1:colcon.colcon_core.package_identification:_identify(imagenes) by extension 'ignore_ament_install'
[0.384s] Level 1:colcon.colcon_core.package_identification:_identify(imagenes) by extensions ['colcon_pkg']
[0.384s] Level 1:colcon.colcon_core.package_identification:_identify(imagenes) by extension 'colcon_pkg'
[0.384s] Level 1:colcon.colcon_core.package_identification:_identify(imagenes) by extensions ['colcon_meta']
[0.384s] Level 1:colcon.colcon_core.package_identification:_identify(imagenes) by extension 'colcon_meta'
[0.384s] Level 1:colcon.colcon_core.package_identification:_identify(imagenes) by extensions ['ros']
[0.384s] Level 1:colcon.colcon_core.package_identification:_identify(imagenes) by extension 'ros'
[0.384s] Level 1:colcon.colcon_core.package_identification:_identify(imagenes) by extensions ['cmake', 'python']
[0.384s] Level 1:colcon.colcon_core.package_identification:_identify(imagenes) by extension 'cmake'
[0.385s] Level 1:colcon.colcon_core.package_identification:_identify(imagenes) by extension 'python'
[0.385s] Level 1:colcon.colcon_core.package_identification:_identify(imagenes) by extensions ['python_setup_py']
[0.385s] Level 1:colcon.colcon_core.package_identification:_identify(imagenes) by extension 'python_setup_py'
[0.385s] Level 1:colcon.colcon_core.package_identification:_identify(install) by extensions ['ignore', 'ignore_ament_install']
[0.385s] Level 1:colcon.colcon_core.package_identification:_identify(install) by extension 'ignore'
[0.385s] Level 1:colcon.colcon_core.package_identification:_identify(install) ignored
[0.385s] Level 1:colcon.colcon_core.package_identification:_identify(log) by extensions ['ignore', 'ignore_ament_install']
[0.385s] Level 1:colcon.colcon_core.package_identification:_identify(log) by extension 'ignore'
[0.385s] Level 1:colcon.colcon_core.package_identification:_identify(log) ignored
[0.385s] Level 1:colcon.colcon_core.package_identification:_identify(src) by extensions ['ignore', 'ignore_ament_install']
[0.385s] Level 1:colcon.colcon_core.package_identification:_identify(src) by extension 'ignore'
[0.385s] Level 1:colcon.colcon_core.package_identification:_identify(src) by extension 'ignore_ament_install'
[0.385s] Level 1:colcon.colcon_core.package_identification:_identify(src) by extensions ['colcon_pkg']
[0.385s] Level 1:colcon.colcon_core.package_identification:_identify(src) by extension 'colcon_pkg'
[0.385s] Level 1:colcon.colcon_core.package_identification:_identify(src) by extensions ['colcon_meta']
[0.385s] Level 1:colcon.colcon_core.package_identification:_identify(src) by extension 'colcon_meta'
[0.385s] Level 1:colcon.colcon_core.package_identification:_identify(src) by extensions ['ros']
[0.385s] Level 1:colcon.colcon_core.package_identification:_identify(src) by extension 'ros'
[0.385s] Level 1:colcon.colcon_core.package_identification:_identify(src) by extensions ['cmake', 'python']
[0.385s] Level 1:colcon.colcon_core.package_identification:_identify(src) by extension 'cmake'
[0.385s] Level 1:colcon.colcon_core.package_identification:_identify(src) by extension 'python'
[0.385s] Level 1:colcon.colcon_core.package_identification:_identify(src) by extensions ['python_setup_py']
[0.385s] Level 1:colcon.colcon_core.package_identification:_identify(src) by extension 'python_setup_py'
[0.385s] Level 1:colcon.colcon_core.package_identification:_identify(src/urdf_description) by extensions ['ignore', 'ignore_ament_install']
[0.385s] Level 1:colcon.colcon_core.package_identification:_identify(src/urdf_description) by extension 'ignore'
[0.385s] Level 1:colcon.colcon_core.package_identification:_identify(src/urdf_description) by extension 'ignore_ament_install'
[0.385s] Level 1:colcon.colcon_core.package_identification:_identify(src/urdf_description) by extensions ['colcon_pkg']
[0.386s] Level 1:colcon.colcon_core.package_identification:_identify(src/urdf_description) by extension 'colcon_pkg'
[0.386s] Level 1:colcon.colcon_core.package_identification:_identify(src/urdf_description) by extensions ['colcon_meta']
[0.386s] Level 1:colcon.colcon_core.package_identification:_identify(src/urdf_description) by extension 'colcon_meta'
[0.386s] Level 1:colcon.colcon_core.package_identification:_identify(src/urdf_description) by extensions ['ros']
[0.386s] Level 1:colcon.colcon_core.package_identification:_identify(src/urdf_description) by extension 'ros'
[0.388s] DEBUG:colcon.colcon_core.package_identification:Package 'src/urdf_description' with type 'ros.ament_cmake' and name 'urdf_description'
[0.388s] Level 1:colcon.colcon_core.package_discovery:discover_packages(recursive) using defaults
[0.388s] Level 1:colcon.colcon_core.package_discovery:discover_packages(ignore) discover
[0.388s] Level 1:colcon.colcon_core.package_discovery:discover_packages(ignore) using defaults
[0.388s] Level 1:colcon.colcon_core.package_discovery:discover_packages(path) discover
[0.388s] Level 1:colcon.colcon_core.package_discovery:discover_packages(path) using defaults
[0.408s] Level 1:colcon.colcon_core.package_discovery:discover_packages(prefix_path) check parameters
[0.408s] Level 1:colcon.colcon_core.package_discovery:discover_packages(prefix_path) discover
[0.409s] WARNING:colcon.colcon_ros.prefix_path.ament:The path '/home/sofia/sextoSem/robotica_inteligente/humanoides/disney/install/urdf_description' in the environment variable AMENT_PREFIX_PATH doesn't exist
[0.409s] WARNING:colcon.colcon_ros.prefix_path.catkin:The path '/home/sofia/sextoSem/robotica_inteligente/humanoides/disney/install/urdf_description' in the environment variable CMAKE_PREFIX_PATH doesn't exist
[0.410s] DEBUG:colcon.colcon_installed_package_information.package_discovery:Found 0 installed packages in /home/sofia/sextoSem/robotica_inteligente/humanoides/disney/install
[0.411s] DEBUG:colcon.colcon_installed_package_information.package_discovery:Found 270 installed packages in /opt/ros/humble
[0.412s] Level 1:colcon.colcon_core.package_discovery:discover_packages(prefix_path) using defaults
[0.458s] Level 5:colcon.colcon_core.verb:set package 'urdf_description' build argument 'cmake_args' from command line to 'None'
[0.458s] Level 5:colcon.colcon_core.verb:set package 'urdf_description' build argument 'cmake_target' from command line to 'None'
[0.458s] Level 5:colcon.colcon_core.verb:set package 'urdf_description' build argument 'cmake_target_skip_unavailable' from command line to 'False'
[0.458s] Level 5:colcon.colcon_core.verb:set package 'urdf_description' build argument 'cmake_clean_cache' from command line to 'False'
[0.458s] Level 5:colcon.colcon_core.verb:set package 'urdf_description' build argument 'cmake_clean_first' from command line to 'False'
[0.458s] Level 5:colcon.colcon_core.verb:set package 'urdf_description' build argument 'cmake_force_configure' from command line to 'False'
[0.458s] Level 5:colcon.colcon_core.verb:set package 'urdf_description' build argument 'ament_cmake_args' from command line to 'None'
[0.458s] Level 5:colcon.colcon_core.verb:set package 'urdf_description' build argument 'catkin_cmake_args' from command line to 'None'
[0.458s] Level 5:colcon.colcon_core.verb:set package 'urdf_description' build argument 'catkin_skip_building_tests' from command line to 'False'
[0.458s] DEBUG:colcon.colcon_core.verb:Building package 'urdf_description' with the following arguments: {'ament_cmake_args': None, 'build_base': '/home/sofia/sextoSem/robotica_inteligente/humanoides/disney/build/urdf_description', 'catkin_cmake_args': None, 'catkin_skip_building_tests': False, 'cmake_args': None, 'cmake_clean_cache': False, 'cmake_clean_first': False, 'cmake_force_configure': False, 'cmake_target': None, 'cmake_target_skip_unavailable': False, 'install_base': '/home/sofia/sextoSem/robotica_inteligente/humanoides/disney/install/urdf_description', 'merge_install': False, 'path': '/home/sofia/sextoSem/robotica_inteligente/humanoides/disney/src/urdf_description', 'symlink_install': True, 'test_result_base': None}
[0.458s] INFO:colcon.colcon_core.executor:Executing jobs using 'parallel' executor
[0.459s] DEBUG:colcon.colcon_parallel_executor.executor.parallel:run_until_complete
[0.460s] INFO:colcon.colcon_ros.task.ament_cmake.build:Building ROS package in '/home/sofia/sextoSem/robotica_inteligente/humanoides/disney/src/urdf_description' with build type 'ament_cmake'
[0.460s] INFO:colcon.colcon_cmake.task.cmake.build:Building CMake package in '/home/sofia/sextoSem/robotica_inteligente/humanoides/disney/src/urdf_description'
[0.463s] INFO:colcon.colcon_core.plugin_system:Skipping extension 'colcon_core.shell.bat': Not used on non-Windows systems
[0.463s] INFO:colcon.colcon_core.shell:Skip shell extension 'powershell' for command environment: Not usable outside of PowerShell
[0.463s] DEBUG:colcon.colcon_core.shell:Skip shell extension 'dsv' for command environment
[0.471s] DEBUG:colcon.colcon_core.event_handler.log_command:Invoking command in '/home/sofia/sextoSem/robotica_inteligente/humanoides/disney/build/urdf_description': CMAKE_PREFIX_PATH=${CMAKE_PREFIX_PATH}:/opt/ros/humble /usr/bin/cmake /home/sofia/sextoSem/robotica_inteligente/humanoides/disney/src/urdf_description -DAMENT_CMAKE_SYMLINK_INSTALL=1 -DCMAKE_INSTALL_PREFIX=/home/sofia/sextoSem/robotica_inteligente/humanoides/disney/install/urdf_description
[9.258s] DEBUG:colcon.colcon_core.event_handler.log_command:Invoked command in '/home/sofia/sextoSem/robotica_inteligente/humanoides/disney/build/urdf_description' returned '0': CMAKE_PREFIX_PATH=${CMAKE_PREFIX_PATH}:/opt/ros/humble /usr/bin/cmake /home/sofia/sextoSem/robotica_inteligente/humanoides/disney/src/urdf_description -DAMENT_CMAKE_SYMLINK_INSTALL=1 -DCMAKE_INSTALL_PREFIX=/home/sofia/sextoSem/robotica_inteligente/humanoides/disney/install/urdf_description
[9.261s] DEBUG:colcon.colcon_core.event_handler.log_command:Invoking command in '/home/sofia/sextoSem/robotica_inteligente/humanoides/disney/build/urdf_description': CMAKE_PREFIX_PATH=${CMAKE_PREFIX_PATH}:/opt/ros/humble /usr/bin/cmake --build /home/sofia/sextoSem/robotica_inteligente/humanoides/disney/build/urdf_description -- -j12 -l12
[9.299s] DEBUG:colcon.colcon_core.event_handler.log_command:Invoked command in '/home/sofia/sextoSem/robotica_inteligente/humanoides/disney/build/urdf_description' returned '0': CMAKE_PREFIX_PATH=${CMAKE_PREFIX_PATH}:/opt/ros/humble /usr/bin/cmake --build /home/sofia/sextoSem/robotica_inteligente/humanoides/disney/build/urdf_description -- -j12 -l12
[9.308s] DEBUG:colcon.colcon_core.event_handler.log_command:Invoking command in '/home/sofia/sextoSem/robotica_inteligente/humanoides/disney/build/urdf_description': CMAKE_PREFIX_PATH=${CMAKE_PREFIX_PATH}:/opt/ros/humble /usr/bin/cmake --install /home/sofia/sextoSem/robotica_inteligente/humanoides/disney/build/urdf_description
[9.576s] Level 1:colcon.colcon_core.environment:create_environment_scripts_only(urdf_description)
[9.577s] DEBUG:colcon.colcon_core.event_handler.log_command:Invoked command in '/home/sofia/sextoSem/robotica_inteligente/humanoides/disney/build/urdf_description' returned '0': CMAKE_PREFIX_PATH=${CMAKE_PREFIX_PATH}:/opt/ros/humble /usr/bin/cmake --install /home/sofia/sextoSem/robotica_inteligente/humanoides/disney/build/urdf_description
[9.580s] Level 1:colcon.colcon_core.environment:checking '/home/sofia/sextoSem/robotica_inteligente/humanoides/disney/install/urdf_description' for CMake module files
[9.580s] Level 1:colcon.colcon_core.environment:checking '/home/sofia/sextoSem/robotica_inteligente/humanoides/disney/install/urdf_description' for CMake config files
[9.581s] Level 1:colcon.colcon_core.shell:create_environment_hook('urdf_description', 'cmake_prefix_path')
[9.581s] INFO:colcon.colcon_core.shell:Creating environment hook '/home/sofia/sextoSem/robotica_inteligente/humanoides/disney/install/urdf_description/share/urdf_description/hook/cmake_prefix_path.ps1'
[9.582s] INFO:colcon.colcon_core.shell:Creating environment descriptor '/home/sofia/sextoSem/robotica_inteligente/humanoides/disney/install/urdf_description/share/urdf_description/hook/cmake_prefix_path.dsv'
[9.583s] INFO:colcon.colcon_core.shell:Creating environment hook '/home/sofia/sextoSem/robotica_inteligente/humanoides/disney/install/urdf_description/share/urdf_description/hook/cmake_prefix_path.sh'
[9.583s] Level 1:colcon.colcon_core.environment:checking '/home/sofia/sextoSem/robotica_inteligente/humanoides/disney/install/urdf_description/bin'
[9.584s] Level 1:colcon.colcon_core.environment:checking '/home/sofia/sextoSem/robotica_inteligente/humanoides/disney/install/urdf_description/lib/pkgconfig/urdf_description.pc'
[9.584s] Level 1:colcon.colcon_core.environment:checking '/home/sofia/sextoSem/robotica_inteligente/humanoides/disney/install/urdf_description/lib/python3.10/site-packages'
[9.584s] Level 1:colcon.colcon_core.environment:checking '/home/sofia/sextoSem/robotica_inteligente/humanoides/disney/install/urdf_description/bin'
[9.584s] INFO:colcon.colcon_core.shell:Creating package script '/home/sofia/sextoSem/robotica_inteligente/humanoides/disney/install/urdf_description/share/urdf_description/package.ps1'
[9.585s] INFO:colcon.colcon_core.shell:Creating package descriptor '/home/sofia/sextoSem/robotica_inteligente/humanoides/disney/install/urdf_description/share/urdf_description/package.dsv'
[9.586s] INFO:colcon.colcon_core.shell:Creating package script '/home/sofia/sextoSem/robotica_inteligente/humanoides/disney/install/urdf_description/share/urdf_description/package.sh'
[9.587s] INFO:colcon.colcon_core.shell:Creating package script '/home/sofia/sextoSem/robotica_inteligente/humanoides/disney/install/urdf_description/share/urdf_description/package.bash'
[9.588s] INFO:colcon.colcon_core.shell:Creating package script '/home/sofia/sextoSem/robotica_inteligente/humanoides/disney/install/urdf_description/share/urdf_description/package.zsh'
[9.589s] Level 1:colcon.colcon_core.environment:create_file_with_runtime_dependencies(/home/sofia/sextoSem/robotica_inteligente/humanoides/disney/install/urdf_description/share/colcon-core/packages/urdf_description)
[9.589s] Level 1:colcon.colcon_core.environment:create_environment_scripts_only(urdf_description)
[9.590s] Level 1:colcon.colcon_core.environment:checking '/home/sofia/sextoSem/robotica_inteligente/humanoides/disney/install/urdf_description' for CMake module files
[9.590s] Level 1:colcon.colcon_core.environment:checking '/home/sofia/sextoSem/robotica_inteligente/humanoides/disney/install/urdf_description' for CMake config files
[9.590s] Level 1:colcon.colcon_core.shell:create_environment_hook('urdf_description', 'cmake_prefix_path')
[9.590s] INFO:colcon.colcon_core.shell:Creating environment hook '/home/sofia/sextoSem/robotica_inteligente/humanoides/disney/install/urdf_description/share/urdf_description/hook/cmake_prefix_path.ps1'
[9.591s] INFO:colcon.colcon_core.shell:Creating environment descriptor '/home/sofia/sextoSem/robotica_inteligente/humanoides/disney/install/urdf_description/share/urdf_description/hook/cmake_prefix_path.dsv'
[9.591s] INFO:colcon.colcon_core.shell:Creating environment hook '/home/sofia/sextoSem/robotica_inteligente/humanoides/disney/install/urdf_description/share/urdf_description/hook/cmake_prefix_path.sh'
[9.592s] Level 1:colcon.colcon_core.environment:checking '/home/sofia/sextoSem/robotica_inteligente/humanoides/disney/install/urdf_description/bin'
[9.592s] Level 1:colcon.colcon_core.environment:checking '/home/sofia/sextoSem/robotica_inteligente/humanoides/disney/install/urdf_description/lib/pkgconfig/urdf_description.pc'
[9.592s] Level 1:colcon.colcon_core.environment:checking '/home/sofia/sextoSem/robotica_inteligente/humanoides/disney/install/urdf_description/lib/python3.10/site-packages'
[9.592s] Level 1:colcon.colcon_core.environment:checking '/home/sofia/sextoSem/robotica_inteligente/humanoides/disney/install/urdf_description/bin'
[9.593s] INFO:colcon.colcon_core.shell:Creating package script '/home/sofia/sextoSem/robotica_inteligente/humanoides/disney/install/urdf_description/share/urdf_description/package.ps1'
[9.593s] INFO:colcon.colcon_core.shell:Creating package descriptor '/home/sofia/sextoSem/robotica_inteligente/humanoides/disney/install/urdf_description/share/urdf_description/package.dsv'
[9.594s] INFO:colcon.colcon_core.shell:Creating package script '/home/sofia/sextoSem/robotica_inteligente/humanoides/disney/install/urdf_description/share/urdf_description/package.sh'
[9.594s] INFO:colcon.colcon_core.shell:Creating package script '/home/sofia/sextoSem/robotica_inteligente/humanoides/disney/install/urdf_description/share/urdf_description/package.bash'
[9.595s] INFO:colcon.colcon_core.shell:Creating package script '/home/sofia/sextoSem/robotica_inteligente/humanoides/disney/install/urdf_description/share/urdf_description/package.zsh'
[9.595s] Level 1:colcon.colcon_core.environment:create_file_with_runtime_dependencies(/home/sofia/sextoSem/robotica_inteligente/humanoides/disney/install/urdf_description/share/colcon-core/packages/urdf_description)
[9.596s] DEBUG:colcon.colcon_parallel_executor.executor.parallel:closing loop
[9.596s] DEBUG:colcon.colcon_parallel_executor.executor.parallel:loop closed
[9.597s] DEBUG:colcon.colcon_parallel_executor.executor.parallel:run_until_complete finished with '0'
[9.597s] DEBUG:colcon.colcon_core.event_reactor:joining thread
[9.658s] INFO:colcon.colcon_core.plugin_system:Skipping extension 'colcon_notification.desktop_notification.notify_send': Could not find 'notify-send'
[9.658s] INFO:colcon.colcon_core.plugin_system:Skipping extension 'colcon_notification.desktop_notification.terminal_notifier': Not used on non-Darwin systems
[9.658s] INFO:colcon.colcon_core.plugin_system:Skipping extension 'colcon_notification.desktop_notification.win32': Not used on non-Windows systems
[9.658s] INFO:colcon.colcon_notification.desktop_notification:Sending desktop notification using 'notify2'
[9.660s] DEBUG:colcon.colcon_notification.desktop_notification.notify2:Failed to initialize notify2: org.freedesktop.DBus.Error.ServiceUnknown: The name org.freedesktop.Notifications was not provided by any .service files
[9.661s] DEBUG:colcon.colcon_core.event_reactor:joined thread
[9.661s] INFO:colcon.colcon_core.shell:Creating prefix script '/home/sofia/sextoSem/robotica_inteligente/humanoides/disney/install/local_setup.ps1'
[9.662s] INFO:colcon.colcon_core.shell:Creating prefix util module '/home/sofia/sextoSem/robotica_inteligente/humanoides/disney/install/_local_setup_util_ps1.py'
[9.663s] INFO:colcon.colcon_core.shell:Creating prefix chain script '/home/sofia/sextoSem/robotica_inteligente/humanoides/disney/install/setup.ps1'
[9.664s] INFO:colcon.colcon_core.shell:Creating prefix script '/home/sofia/sextoSem/robotica_inteligente/humanoides/disney/install/local_setup.sh'
[9.665s] INFO:colcon.colcon_core.shell:Creating prefix util module '/home/sofia/sextoSem/robotica_inteligente/humanoides/disney/install/_local_setup_util_sh.py'
[9.666s] INFO:colcon.colcon_core.shell:Creating prefix chain script '/home/sofia/sextoSem/robotica_inteligente/humanoides/disney/install/setup.sh'
[9.666s] INFO:colcon.colcon_core.shell:Creating prefix script '/home/sofia/sextoSem/robotica_inteligente/humanoides/disney/install/local_setup.bash'
[9.667s] INFO:colcon.colcon_core.shell:Creating prefix chain script '/home/sofia/sextoSem/robotica_inteligente/humanoides/disney/install/setup.bash'
[9.668s] INFO:colcon.colcon_core.shell:Creating prefix script '/home/sofia/sextoSem/robotica_inteligente/humanoides/disney/install/local_setup.zsh'
[9.669s] INFO:colcon.colcon_core.shell:Creating prefix chain script '/home/sofia/sextoSem/robotica_inteligente/humanoides/disney/install/setup.zsh'
