[0.022s] Invoking command in '/home/sofia/sextoSem/robotica_inteligente/humanoides/disney/build/urdf_description': CMAKE_PREFIX_PATH=/opt/ros/humble /usr/bin/cmake --build /home/sofia/sextoSem/robotica_inteligente/humanoides/disney/build/urdf_description -- -j12 -l12
[0.099s] -- Found ament_cmake: 1.3.11 (/opt/ros/humble/share/ament_cmake/cmake)
[0.284s] -- Found ament_lint_auto: 0.12.12 (/opt/ros/humble/share/ament_lint_auto/cmake)
[0.423s] -- Added test 'cppcheck' to perform static code analysis on C / C++ code
[0.423s] -- Configured cppcheck include dirs: 
[0.423s] -- Configured cppcheck exclude dirs and/or files: 
[0.426s] -- Added test 'flake8' to check Python code syntax and style conventions
[0.429s] -- Added test 'lint_cmake' to check CMake code style
[0.430s] -- Added test 'pep257' to check Python code against some of the docstring style conventions in PEP 257
[0.440s] -- Added test 'uncrustify' to check C / C++ code style
[0.441s] -- Configured uncrustify additional arguments: 
[0.442s] -- Added test 'xmllint' to check XML markup files
[0.446s] -- Configuring done
[0.471s] -- Generating done
[0.477s] -- Build files have been written to: /home/sofia/sextoSem/robotica_inteligente/humanoides/disney/build/urdf_description
[0.495s] Invoked command in '/home/sofia/sextoSem/robotica_inteligente/humanoides/disney/build/urdf_description' returned '0': CMAKE_PREFIX_PATH=/opt/ros/humble /usr/bin/cmake --build /home/sofia/sextoSem/robotica_inteligente/humanoides/disney/build/urdf_description -- -j12 -l12
[0.503s] Invoking command in '/home/sofia/sextoSem/robotica_inteligente/humanoides/disney/build/urdf_description': CMAKE_PREFIX_PATH=/opt/ros/humble /usr/bin/cmake --install /home/sofia/sextoSem/robotica_inteligente/humanoides/disney/build/urdf_description
[0.509s] -- Install configuration: ""
[0.510s] -- Up-to-date: /home/sofia/sextoSem/robotica_inteligente/humanoides/disney/install/urdf_description/share/ament_index/resource_index/package_run_dependencies/urdf_description
[0.510s] -- Installing: /home/sofia/sextoSem/robotica_inteligente/humanoides/disney/install/urdf_description/share/ament_index/resource_index/parent_prefix_path/urdf_description
[0.511s] -- Up-to-date: /home/sofia/sextoSem/robotica_inteligente/humanoides/disney/install/urdf_description/share/urdf_description/environment/ament_prefix_path.sh
[0.511s] -- Installing: /home/sofia/sextoSem/robotica_inteligente/humanoides/disney/install/urdf_description/share/urdf_description/environment/ament_prefix_path.dsv
[0.511s] -- Up-to-date: /home/sofia/sextoSem/robotica_inteligente/humanoides/disney/install/urdf_description/share/urdf_description/environment/path.sh
[0.511s] -- Installing: /home/sofia/sextoSem/robotica_inteligente/humanoides/disney/install/urdf_description/share/urdf_description/environment/path.dsv
[0.512s] -- Up-to-date: /home/sofia/sextoSem/robotica_inteligente/humanoides/disney/install/urdf_description/share/urdf_description/local_setup.bash
[0.512s] -- Up-to-date: /home/sofia/sextoSem/robotica_inteligente/humanoides/disney/install/urdf_description/share/urdf_description/local_setup.sh
[0.512s] -- Up-to-date: /home/sofia/sextoSem/robotica_inteligente/humanoides/disney/install/urdf_description/share/urdf_description/local_setup.zsh
[0.512s] -- Installing: /home/sofia/sextoSem/robotica_inteligente/humanoides/disney/install/urdf_description/share/urdf_description/local_setup.dsv
[0.513s] -- Installing: /home/sofia/sextoSem/robotica_inteligente/humanoides/disney/install/urdf_description/share/urdf_description/package.dsv
[0.514s] -- Up-to-date: /home/sofia/sextoSem/robotica_inteligente/humanoides/disney/install/urdf_description/share/ament_index/resource_index/packages/urdf_description
[0.514s] -- Up-to-date: /home/sofia/sextoSem/robotica_inteligente/humanoides/disney/install/urdf_description/share/urdf_description/cmake/urdf_descriptionConfig.cmake
[0.514s] -- Up-to-date: /home/sofia/sextoSem/robotica_inteligente/humanoides/disney/install/urdf_description/share/urdf_description/cmake/urdf_descriptionConfig-version.cmake
[0.514s] -- Up-to-date: /home/sofia/sextoSem/robotica_inteligente/humanoides/disney/install/urdf_description/share/urdf_description/package.xml
[0.514s] -- Up-to-date: /home/sofia/sextoSem/robotica_inteligente/humanoides/disney/install/urdf_description/share/urdf_description/launch
[0.514s] -- Up-to-date: /home/sofia/sextoSem/robotica_inteligente/humanoides/disney/install/urdf_description/share/urdf_description/launch/display.launch.py
[0.514s] -- Up-to-date: /home/sofia/sextoSem/robotica_inteligente/humanoides/disney/install/urdf_description/share/urdf_description/launch/gazebo.launch.py
[0.515s] -- Up-to-date: /home/sofia/sextoSem/robotica_inteligente/humanoides/disney/install/urdf_description/share/urdf_description/meshes
[0.515s] -- Up-to-date: /home/sofia/sextoSem/robotica_inteligente/humanoides/disney/install/urdf_description/share/urdf_description/meshes/ear_right.stl
[0.515s] -- Up-to-date: /home/sofia/sextoSem/robotica_inteligente/humanoides/disney/install/urdf_description/share/urdf_description/meshes/ear_left.stl
[0.515s] -- Up-to-date: /home/sofia/sextoSem/robotica_inteligente/humanoides/disney/install/urdf_description/share/urdf_description/meshes/left_foot.stl
[0.515s] -- Up-to-date: /home/sofia/sextoSem/robotica_inteligente/humanoides/disney/install/urdf_description/share/urdf_description/meshes/right_foot.stl
[0.516s] -- Up-to-date: /home/sofia/sextoSem/robotica_inteligente/humanoides/disney/install/urdf_description/share/urdf_description/meshes/right_hip.stl
[0.516s] -- Up-to-date: /home/sofia/sextoSem/robotica_inteligente/humanoides/disney/install/urdf_description/share/urdf_description/meshes/pelvis.stl
[0.516s] -- Up-to-date: /home/sofia/sextoSem/robotica_inteligente/humanoides/disney/install/urdf_description/share/urdf_description/meshes/left_thigh.stl
[0.516s] -- Up-to-date: /home/sofia/sextoSem/robotica_inteligente/humanoides/disney/install/urdf_description/share/urdf_description/meshes/left_shin.stl
[0.516s] -- Up-to-date: /home/sofia/sextoSem/robotica_inteligente/humanoides/disney/install/urdf_description/share/urdf_description/meshes/head_body_pitch.stl
[0.516s] -- Up-to-date: /home/sofia/sextoSem/robotica_inteligente/humanoides/disney/install/urdf_description/share/urdf_description/meshes/right_shin.stl
[0.516s] -- Up-to-date: /home/sofia/sextoSem/robotica_inteligente/humanoides/disney/install/urdf_description/share/urdf_description/meshes/neck.stl
[0.516s] -- Up-to-date: /home/sofia/sextoSem/robotica_inteligente/humanoides/disney/install/urdf_description/share/urdf_description/meshes/left_hip.stl
[0.516s] -- Up-to-date: /home/sofia/sextoSem/robotica_inteligente/humanoides/disney/install/urdf_description/share/urdf_description/meshes/head_body_yaw.stl
[0.517s] -- Up-to-date: /home/sofia/sextoSem/robotica_inteligente/humanoides/disney/install/urdf_description/share/urdf_description/meshes/left_hip_rotation.stl
[0.517s] -- Up-to-date: /home/sofia/sextoSem/robotica_inteligente/humanoides/disney/install/urdf_description/share/urdf_description/meshes/right_hip_rotation.stl
[0.517s] -- Up-to-date: /home/sofia/sextoSem/robotica_inteligente/humanoides/disney/install/urdf_description/share/urdf_description/meshes/head_body_roll.stl
[0.517s] -- Up-to-date: /home/sofia/sextoSem/robotica_inteligente/humanoides/disney/install/urdf_description/share/urdf_description/meshes/right_thigh.stl
[0.517s] -- Up-to-date: /home/sofia/sextoSem/robotica_inteligente/humanoides/disney/install/urdf_description/share/urdf_description/urdf
[0.517s] -- Up-to-date: /home/sofia/sextoSem/robotica_inteligente/humanoides/disney/install/urdf_description/share/urdf_description/urdf/go_bdx.urdf
[0.518s] Invoked command in '/home/sofia/sextoSem/robotica_inteligente/humanoides/disney/build/urdf_description' returned '0': CMAKE_PREFIX_PATH=/opt/ros/humble /usr/bin/cmake --install /home/sofia/sextoSem/robotica_inteligente/humanoides/disney/build/urdf_description
