[0.013s] Invoking command in '/home/sofia/sextoSem/robotica_inteligente/humanoides/disney/src/urdf_description/build/urdf_description': CMAKE_PREFIX_PATH=${CMAKE_PREFIX_PATH}:/opt/ros/humble /usr/bin/cmake /home/sofia/sextoSem/robotica_inteligente/humanoides/disney/src/urdf_description -DCMAKE_INSTALL_PREFIX=/home/sofia/sextoSem/robotica_inteligente/humanoides/disney/src/urdf_description/install/urdf_description
[0.214s] -- The C compiler identification is GNU 11.4.0
[0.686s] -- The CXX compiler identification is GNU 11.4.0
[1.002s] -- Detecting C compiler ABI info
[1.128s] -- Detecting C compiler ABI info - done
[1.132s] -- Check for working C compiler: /usr/bin/cc - skipped
[1.133s] -- Detecting C compile features
[1.133s] -- Detecting C compile features - done
[1.135s] -- Detecting CXX compiler ABI info
[1.257s] -- Detecting CXX compiler ABI info - done
[1.262s] -- Check for working CXX compiler: /usr/bin/c++ - skipped
[1.262s] -- Detecting CXX compile features
[1.262s] -- Detecting CXX compile features - done
[1.265s] -- Found ament_cmake: 1.3.11 (/opt/ros/humble/share/ament_cmake/cmake)
[1.347s] -- Found Python3: /usr/bin/python3 (found version "3.10.12") found components: Interpreter 
[1.407s] -- Found ament_lint_auto: 0.12.12 (/opt/ros/humble/share/ament_lint_auto/cmake)
[1.458s] -- Added test 'cppcheck' to perform static code analysis on C / C++ code
[1.458s] -- Configured cppcheck include dirs: 
[1.458s] -- Configured cppcheck exclude dirs and/or files: 
[1.459s] -- Added test 'flake8' to check Python code syntax and style conventions
[1.461s] -- Added test 'lint_cmake' to check CMake code style
[1.461s] -- Added test 'pep257' to check Python code against some of the docstring style conventions in PEP 257
[1.464s] -- Added test 'uncrustify' to check C / C++ code style
[1.464s] -- Configured uncrustify additional arguments: 
[1.466s] -- Added test 'xmllint' to check XML markup files
[1.467s] -- Configuring done
[1.474s] -- Generating done
[1.476s] -- Build files have been written to: /home/sofia/sextoSem/robotica_inteligente/humanoides/disney/src/urdf_description/build/urdf_description
[1.479s] Invoked command in '/home/sofia/sextoSem/robotica_inteligente/humanoides/disney/src/urdf_description/build/urdf_description' returned '0': CMAKE_PREFIX_PATH=${CMAKE_PREFIX_PATH}:/opt/ros/humble /usr/bin/cmake /home/sofia/sextoSem/robotica_inteligente/humanoides/disney/src/urdf_description -DCMAKE_INSTALL_PREFIX=/home/sofia/sextoSem/robotica_inteligente/humanoides/disney/src/urdf_description/install/urdf_description
[1.481s] Invoking command in '/home/sofia/sextoSem/robotica_inteligente/humanoides/disney/src/urdf_description/build/urdf_description': CMAKE_PREFIX_PATH=${CMAKE_PREFIX_PATH}:/opt/ros/humble /usr/bin/cmake --build /home/sofia/sextoSem/robotica_inteligente/humanoides/disney/src/urdf_description/build/urdf_description -- -j12 -l12
[1.503s] Invoked command in '/home/sofia/sextoSem/robotica_inteligente/humanoides/disney/src/urdf_description/build/urdf_description' returned '0': CMAKE_PREFIX_PATH=${CMAKE_PREFIX_PATH}:/opt/ros/humble /usr/bin/cmake --build /home/sofia/sextoSem/robotica_inteligente/humanoides/disney/src/urdf_description/build/urdf_description -- -j12 -l12
[1.510s] Invoking command in '/home/sofia/sextoSem/robotica_inteligente/humanoides/disney/src/urdf_description/build/urdf_description': CMAKE_PREFIX_PATH=${CMAKE_PREFIX_PATH}:/opt/ros/humble /usr/bin/cmake --install /home/sofia/sextoSem/robotica_inteligente/humanoides/disney/src/urdf_description/build/urdf_description
[1.514s] -- Install configuration: ""
[1.515s] -- Installing: /home/sofia/sextoSem/robotica_inteligente/humanoides/disney/src/urdf_description/install/urdf_description/share/ament_index/resource_index/package_run_dependencies/urdf_description
[1.516s] -- Installing: /home/sofia/sextoSem/robotica_inteligente/humanoides/disney/src/urdf_description/install/urdf_description/share/ament_index/resource_index/parent_prefix_path/urdf_description
[1.517s] -- Installing: /home/sofia/sextoSem/robotica_inteligente/humanoides/disney/src/urdf_description/install/urdf_description/share/urdf_description/environment/ament_prefix_path.sh
[1.517s] -- Installing: /home/sofia/sextoSem/robotica_inteligente/humanoides/disney/src/urdf_description/install/urdf_description/share/urdf_description/environment/ament_prefix_path.dsv
[1.517s] -- Installing: /home/sofia/sextoSem/robotica_inteligente/humanoides/disney/src/urdf_description/install/urdf_description/share/urdf_description/environment/path.sh
[1.517s] -- Installing: /home/sofia/sextoSem/robotica_inteligente/humanoides/disney/src/urdf_description/install/urdf_description/share/urdf_description/environment/path.dsv
[1.517s] -- Installing: /home/sofia/sextoSem/robotica_inteligente/humanoides/disney/src/urdf_description/install/urdf_description/share/urdf_description/local_setup.bash
[1.517s] -- Installing: /home/sofia/sextoSem/robotica_inteligente/humanoides/disney/src/urdf_description/install/urdf_description/share/urdf_description/local_setup.sh
[1.518s] -- Installing: /home/sofia/sextoSem/robotica_inteligente/humanoides/disney/src/urdf_description/install/urdf_description/share/urdf_description/local_setup.zsh
[1.518s] -- Installing: /home/sofia/sextoSem/robotica_inteligente/humanoides/disney/src/urdf_description/install/urdf_description/share/urdf_description/local_setup.dsv
[1.518s] -- Installing: /home/sofia/sextoSem/robotica_inteligente/humanoides/disney/src/urdf_description/install/urdf_description/share/urdf_description/package.dsv
[1.518s] -- Installing: /home/sofia/sextoSem/robotica_inteligente/humanoides/disney/src/urdf_description/install/urdf_description/share/ament_index/resource_index/packages/urdf_description
[1.519s] -- Installing: /home/sofia/sextoSem/robotica_inteligente/humanoides/disney/src/urdf_description/install/urdf_description/share/urdf_description/cmake/urdf_descriptionConfig.cmake
[1.519s] -- Installing: /home/sofia/sextoSem/robotica_inteligente/humanoides/disney/src/urdf_description/install/urdf_description/share/urdf_description/cmake/urdf_descriptionConfig-version.cmake
[1.519s] -- Installing: /home/sofia/sextoSem/robotica_inteligente/humanoides/disney/src/urdf_description/install/urdf_description/share/urdf_description/package.xml
[1.521s] Invoked command in '/home/sofia/sextoSem/robotica_inteligente/humanoides/disney/src/urdf_description/build/urdf_description' returned '0': CMAKE_PREFIX_PATH=${CMAKE_PREFIX_PATH}:/opt/ros/humble /usr/bin/cmake --install /home/sofia/sextoSem/robotica_inteligente/humanoides/disney/src/urdf_description/build/urdf_description
