[0.470s] Invoking command in '/home/sofia/sextoSem/robotica_inteligente/humanoides/disney/src/marker': PYTHONPATH=/home/sofia/sextoSem/robotica_inteligente/humanoides/disney/build/marker/prefix_override:/usr/lib/python3/dist-packages/colcon_core/task/python/colcon_distutils_commands:/home/sofia/sextoSem/robotica_inteligente/humanoides/disney/install/marker/lib/python3.10/site-packages:${PYTHONPATH} /usr/bin/python3 -W ignore:setup.py install is deprecated -W ignore:easy_install command is deprecated setup.py egg_info --egg-base ../../build/marker build --build-base /home/sofia/sextoSem/robotica_inteligente/humanoides/disney/build/marker/build install --record /home/sofia/sextoSem/robotica_inteligente/humanoides/disney/build/marker/install.log --single-version-externally-managed install_data
[0.629s] running egg_info
[0.630s] writing ../../build/marker/marker.egg-info/PKG-INFO
[0.630s] writing dependency_links to ../../build/marker/marker.egg-info/dependency_links.txt
[0.630s] writing entry points to ../../build/marker/marker.egg-info/entry_points.txt
[0.631s] writing requirements to ../../build/marker/marker.egg-info/requires.txt
[0.631s] writing top-level names to ../../build/marker/marker.egg-info/top_level.txt
[0.632s] reading manifest file '../../build/marker/marker.egg-info/SOURCES.txt'
[0.633s] writing manifest file '../../build/marker/marker.egg-info/SOURCES.txt'
[0.633s] running build
[0.633s] running build_py
[0.633s] copying marker/marker_node.py -> /home/sofia/sextoSem/robotica_inteligente/humanoides/disney/build/marker/build/lib/marker
[0.634s] running install
[0.634s] running install_lib
[0.634s] copying /home/sofia/sextoSem/robotica_inteligente/humanoides/disney/build/marker/build/lib/marker/marker_node.py -> /home/sofia/sextoSem/robotica_inteligente/humanoides/disney/install/marker/lib/python3.10/site-packages/marker
[0.635s] byte-compiling /home/sofia/sextoSem/robotica_inteligente/humanoides/disney/install/marker/lib/python3.10/site-packages/marker/marker_node.py to marker_node.cpython-310.pyc
[0.636s] running install_data
[0.636s] running install_egg_info
[0.638s] removing '/home/sofia/sextoSem/robotica_inteligente/humanoides/disney/install/marker/lib/python3.10/site-packages/marker-0.0.0-py3.10.egg-info' (and everything under it)
[0.638s] Copying ../../build/marker/marker.egg-info to /home/sofia/sextoSem/robotica_inteligente/humanoides/disney/install/marker/lib/python3.10/site-packages/marker-0.0.0-py3.10.egg-info
[0.639s] running install_scripts
[0.654s] Installing marker_node script to /home/sofia/sextoSem/robotica_inteligente/humanoides/disney/install/marker/lib/marker
[0.655s] writing list of installed files to '/home/sofia/sextoSem/robotica_inteligente/humanoides/disney/build/marker/install.log'
[0.672s] Invoked command in '/home/sofia/sextoSem/robotica_inteligente/humanoides/disney/src/marker' returned '0': PYTHONPATH=/home/sofia/sextoSem/robotica_inteligente/humanoides/disney/build/marker/prefix_override:/usr/lib/python3/dist-packages/colcon_core/task/python/colcon_distutils_commands:/home/sofia/sextoSem/robotica_inteligente/humanoides/disney/install/marker/lib/python3.10/site-packages:${PYTHONPATH} /usr/bin/python3 -W ignore:setup.py install is deprecated -W ignore:easy_install command is deprecated setup.py egg_info --egg-base ../../build/marker build --build-base /home/sofia/sextoSem/robotica_inteligente/humanoides/disney/build/marker/build install --record /home/sofia/sextoSem/robotica_inteligente/humanoides/disney/build/marker/install.log --single-version-externally-managed install_data
